[2018-02-02 20:36:37] /home/index.php ( act=index&op=index ) 
ERR: Db Error: Table 'tpblog.jq_navigation' doesn't exist
SELECT * FROM `tpblog`.`jq_navigation` ORDER BY nav_sort LIMIT 30  
[2018-02-02 20:36:38] /home/index.php ( act=index&op=index ) 
ERR: Db Error: Table 'tpblog.jq_navigation' doesn't exist
SELECT * FROM `tpblog`.`jq_navigation` ORDER BY nav_sort LIMIT 30  
[2018-02-02 20:36:39] /home/index.php?act=index&op=index ( act=index&op=index ) 
ERR: Db Error: Table 'tpblog.jq_navigation' doesn't exist
SELECT * FROM `tpblog`.`jq_navigation` ORDER BY nav_sort LIMIT 30  
[2018-02-02 20:36:41] /home/index.php?act=index&op=articleDetail&article_id=4 ( act=index&op=articledetail ) 
ERR: Db Error: Table 'tpblog.jq_navigation' doesn't exist
SELECT * FROM `tpblog`.`jq_navigation` ORDER BY nav_sort LIMIT 30  
[2018-02-02 20:36:41] /home/index.php?act=index&op=articleDetail&article_id=4 ( act=index&op=articledetail ) 
ERR: Db Error: Table 'tpblog.jq_navigation' doesn't exist
SELECT * FROM `tpblog`.`jq_navigation` ORDER BY nav_sort LIMIT 30  
[2018-02-02 20:36:51] /home/index.php?act=index&op=articleDetail&article_id=4 ( act=index&op=articledetail ) 
ERR: Db Error: Table 'tpblog.jq_navigation' doesn't exist
SELECT * FROM `tpblog`.`jq_navigation` ORDER BY nav_sort LIMIT 30  
[2018-02-02 20:36:51] /home/index.php?act=index&op=articleDetail&article_id=4 ( act=index&op=articledetail ) 
ERR: Db Error: Table 'tpblog.jq_navigation' doesn't exist
SELECT * FROM `tpblog`.`jq_navigation` ORDER BY nav_sort LIMIT 30  
[2018-02-02 20:36:53] /home/index.php?act=index&op=index ( act=index&op=index ) 
ERR: Db Error: Table 'tpblog.jq_navigation' doesn't exist
SELECT * FROM `tpblog`.`jq_navigation` ORDER BY nav_sort LIMIT 30  
[2018-02-02 20:36:55] /home/index.php?act=index&op=articleClass ( act=index&op=articleclass ) 
ERR: Db Error: Table 'tpblog.jq_navigation' doesn't exist
SELECT * FROM `tpblog`.`jq_navigation` ORDER BY nav_sort LIMIT 30  
[2018-02-02 20:36:56] /home/index.php?act=index&op=aboutMe ( act=index&op=aboutme ) 
ERR: Db Error: Table 'tpblog.jq_navigation' doesn't exist
SELECT * FROM `tpblog`.`jq_navigation` ORDER BY nav_sort LIMIT 30  
[2018-02-02 20:36:56] /home/index.php?act=index&op=articleClass ( act=index&op=articleclass ) 
ERR: Db Error: Table 'tpblog.jq_navigation' doesn't exist
SELECT * FROM `tpblog`.`jq_navigation` ORDER BY nav_sort LIMIT 30  
[2018-02-02 20:36:57] /home/index.php?act=index&op=articleList ( act=index&op=articlelist ) 
ERR: Db Error: Table 'tpblog.jq_navigation' doesn't exist
SELECT * FROM `tpblog`.`jq_navigation` ORDER BY nav_sort LIMIT 30  
[2018-02-02 20:36:57] /home/index.php?act=index&op=articleClass ( act=index&op=articleclass ) 
ERR: Db Error: Table 'tpblog.jq_navigation' doesn't exist
SELECT * FROM `tpblog`.`jq_navigation` ORDER BY nav_sort LIMIT 30  
[2018-02-02 20:36:58] /home/index.php?act=index&op=articleList ( act=index&op=articlelist ) 
ERR: Db Error: Table 'tpblog.jq_navigation' doesn't exist
SELECT * FROM `tpblog`.`jq_navigation` ORDER BY nav_sort LIMIT 30  
[2018-02-02 20:36:58] /home/index.php?act=index&op=articleClass ( act=index&op=articleclass ) 
ERR: Db Error: Table 'tpblog.jq_navigation' doesn't exist
SELECT * FROM `tpblog`.`jq_navigation` ORDER BY nav_sort LIMIT 30  
[2018-02-02 20:36:58] /home/index.php?act=index&op=aboutMe ( act=index&op=aboutme ) 
ERR: Db Error: Table 'tpblog.jq_navigation' doesn't exist
SELECT * FROM `tpblog`.`jq_navigation` ORDER BY nav_sort LIMIT 30  
[2018-02-02 20:36:59] /home/index.php?act=index&op=articleClass ( act=index&op=articleclass ) 
ERR: Db Error: Table 'tpblog.jq_navigation' doesn't exist
SELECT * FROM `tpblog`.`jq_navigation` ORDER BY nav_sort LIMIT 30  
[2018-02-02 20:36:59] /home/index.php?act=index&op=articleList ( act=index&op=articlelist ) 
ERR: Db Error: Table 'tpblog.jq_navigation' doesn't exist
SELECT * FROM `tpblog`.`jq_navigation` ORDER BY nav_sort LIMIT 30  
[2018-02-02 20:37:00] /home/index.php?act=index&op=index ( act=index&op=index ) 
ERR: Db Error: Table 'tpblog.jq_navigation' doesn't exist
SELECT * FROM `tpblog`.`jq_navigation` ORDER BY nav_sort LIMIT 30  
[2018-02-02 20:37:01] /home/index.php?act=index&op=articleList ( act=index&op=articlelist ) 
ERR: Db Error: Table 'tpblog.jq_navigation' doesn't exist
SELECT * FROM `tpblog`.`jq_navigation` ORDER BY nav_sort LIMIT 30  
[2018-02-02 20:37:01] /home/index.php?act=index&op=aboutMe ( act=index&op=aboutme ) 
ERR: Db Error: Table 'tpblog.jq_navigation' doesn't exist
SELECT * FROM `tpblog`.`jq_navigation` ORDER BY nav_sort LIMIT 30  
[2018-02-02 20:37:02] /home/index.php?act=index&op=articleClass ( act=index&op=articleclass ) 
ERR: Db Error: Table 'tpblog.jq_navigation' doesn't exist
SELECT * FROM `tpblog`.`jq_navigation` ORDER BY nav_sort LIMIT 30  
[2018-02-02 20:37:03] /home/index.php?act=index&op=articleList ( act=index&op=articlelist ) 
ERR: Db Error: Table 'tpblog.jq_navigation' doesn't exist
SELECT * FROM `tpblog`.`jq_navigation` ORDER BY nav_sort LIMIT 30  
[2018-02-02 20:37:10] /home/index.php?act=index&op=articleList ( act=index&op=articlelist ) 
ERR: Db Error: Table 'tpblog.jq_navigation' doesn't exist
SELECT * FROM `tpblog`.`jq_navigation` ORDER BY nav_sort LIMIT 30  
[2018-02-02 20:37:11] /home/index.php?act=index&op=index ( act=index&op=index ) 
ERR: Db Error: Table 'tpblog.jq_navigation' doesn't exist
SELECT * FROM `tpblog`.`jq_navigation` ORDER BY nav_sort LIMIT 30  
[2018-02-02 20:37:22] /home/index.php?act=index&op=articleDetail&article_id=1 ( act=index&op=articledetail ) 
ERR: Db Error: Table 'tpblog.jq_navigation' doesn't exist
SELECT * FROM `tpblog`.`jq_navigation` ORDER BY nav_sort LIMIT 30  
[2018-02-02 20:38:00] /home/index.php?act=index&op=articleList ( act=index&op=articlelist ) 
ERR: Db Error: Table 'tpblog.jq_navigation' doesn't exist
SELECT * FROM `tpblog`.`jq_navigation` ORDER BY nav_sort LIMIT 30  
[2018-02-02 20:38:01] /home/index.php?act=index&op=aboutMe ( act=index&op=aboutme ) 
ERR: Db Error: Table 'tpblog.jq_navigation' doesn't exist
SELECT * FROM `tpblog`.`jq_navigation` ORDER BY nav_sort LIMIT 30  
[2018-02-02 20:38:02] /home/index.php?act=index&op=articleClass ( act=index&op=articleclass ) 
ERR: Db Error: Table 'tpblog.jq_navigation' doesn't exist
SELECT * FROM `tpblog`.`jq_navigation` ORDER BY nav_sort LIMIT 30  
[2018-02-02 20:38:04] /home/index.php?act=index&op=articleDetail&article_id=1 ( act=index&op=articledetail ) 
ERR: Db Error: Table 'tpblog.jq_navigation' doesn't exist
SELECT * FROM `tpblog`.`jq_navigation` ORDER BY nav_sort LIMIT 30  
[2018-02-02 20:38:06] /home/index.php?act=index&op=articleList ( act=index&op=articlelist ) 
ERR: Db Error: Table 'tpblog.jq_navigation' doesn't exist
SELECT * FROM `tpblog`.`jq_navigation` ORDER BY nav_sort LIMIT 30  
[2018-02-02 20:38:24] /home/index.php ( act=index&op=index ) 
ERR: Db Error: Table 'tpblog.jq_navigation' doesn't exist
SELECT * FROM `tpblog`.`jq_navigation` ORDER BY nav_sort LIMIT 30  
[2018-02-02 20:38:32] /admin/index.php?act=login&op=login ( act=login&op=login ) 
ERR: Db Error: Table 'tpblog.jq_lock' doesn't exist
SELECT * FROM `tpblog`.`jq_lock` WHERE ( pid = '213070643305' ) LIMIT 1  
[2018-02-02 20:38:33] /admin/index.php?act=login&op=login ( act=login&op=login ) 
ERR: Db Error: Table 'tpblog.jq_lock' doesn't exist
DELETE  FROM `tpblog`.`jq_lock` WHERE ( pid = '213070643305' )
[2018-02-02 20:38:33] /admin/index.php?act=login&op=login ( act=login&op=login ) 
ERR: Db Error: Table 'tpblog.jq_lock' doesn't exist
DELETE  FROM `tpblog`.`jq_lock` WHERE ( pid = '21307064335' )
[2018-02-02 20:38:33] /admin/index.php?act=dashboard&op=statistics ( act=dashboard&op=statistics ) 
ERR: Db Error: Table 'tpblog.jq_company' doesn't exist
SELECT COUNT(*) AS nc_count FROM `tpblog`.`jq_company` LIMIT 1  
[2018-02-02 20:38:33] /admin/index.php?act=dashboard&op=statistics ( act=dashboard&op=statistics ) 
ERR: Db Error: Table 'tpblog.jq_personel' doesn't exist
SELECT COUNT(*) AS nc_count FROM `tpblog`.`jq_personel` LIMIT 1  
[2018-02-02 20:38:33] /admin/index.php?act=dashboard&op=statistics ( act=dashboard&op=statistics ) 
ERR: Db Error: Table 'tpblog.jq_driver' doesn't exist
SELECT COUNT(*) AS nc_count FROM `tpblog`.`jq_driver` LIMIT 1  
[2018-02-02 20:38:33] /admin/index.php?act=dashboard&op=statistics ( act=dashboard&op=statistics ) 
ERR: Db Error: Table 'tpblog.jq_order' doesn't exist
SELECT COUNT(*) AS nc_count FROM `tpblog`.`jq_order` LIMIT 1  
[2018-02-02 20:51:21] /admin/index.php?act=login&op=login ( act=login&op=login ) 
ERR: Db Error: Table 'tpblog.jq_lock' doesn't exist
SELECT * FROM `tpblog`.`jq_lock` WHERE ( pid = '213070643305' ) LIMIT 1  
[2018-02-02 20:51:21] /admin/index.php?act=login&op=login ( act=login&op=login ) 
ERR: Db Error: Table 'tpblog.jq_lock' doesn't exist
DELETE  FROM `tpblog`.`jq_lock` WHERE ( pid = '213070643305' )
[2018-02-02 20:51:21] /admin/index.php?act=login&op=login ( act=login&op=login ) 
ERR: Db Error: Table 'tpblog.jq_lock' doesn't exist
DELETE  FROM `tpblog`.`jq_lock` WHERE ( pid = '21307064335' )
