[2018-03-03 12:10:06] /home/index.php ( act=index&op=index ) 
ERR: Db Error: Table 'tpblog.jq_navigation' doesn't exist
SELECT * FROM `tpblog`.`jq_navigation` ORDER BY nav_sort LIMIT 30  
[2018-03-03 12:10:15] /home/index.php ( act=index&op=index ) 
ERR: Db Error: Table 'tpblog.jq_navigation' doesn't exist
SELECT * FROM `tpblog`.`jq_navigation` ORDER BY nav_sort LIMIT 30  
[2018-03-03 12:10:25] /home/index.php ( act=index&op=index ) 
ERR: Db Error: Table 'tpblog.jq_navigation' doesn't exist
SELECT * FROM `tpblog`.`jq_navigation` ORDER BY nav_sort LIMIT 30  
[2018-03-03 12:11:27] /home/index.php ( act=index&op=index ) 
ERR: Db Error: Table 'tpblog.jq_navigation' doesn't exist
SELECT * FROM `tpblog`.`jq_navigation` ORDER BY nav_sort LIMIT 30  
[2018-03-03 12:11:31] /home/index.php ( act=index&op=index ) 
ERR: Db Error: Table 'tpblog.jq_navigation' doesn't exist
SELECT * FROM `tpblog`.`jq_navigation` ORDER BY nav_sort LIMIT 30  
[2018-03-03 12:11:45] /home/index.php ( act=index&op=index ) 
ERR: Db Error: Table 'tpblog.jq_navigation' doesn't exist
SELECT * FROM `tpblog`.`jq_navigation` ORDER BY nav_sort LIMIT 30  
[2018-03-03 12:11:56] /home/index.php ( act=index&op=index ) 
ERR: Db Error: Table 'tpblog.jq_navigation' doesn't exist
SELECT * FROM `tpblog`.`jq_navigation` ORDER BY nav_sort LIMIT 30  
[2018-03-03 12:12:01] /home/index.php?act=index&op=aboutMe ( act=index&op=aboutme ) 
ERR: Db Error: Table 'tpblog.jq_navigation' doesn't exist
SELECT * FROM `tpblog`.`jq_navigation` ORDER BY nav_sort LIMIT 30  
[2018-03-03 12:12:04] /home/index.php?act=index&op=articleClass ( act=index&op=articleclass ) 
ERR: Db Error: Table 'tpblog.jq_navigation' doesn't exist
SELECT * FROM `tpblog`.`jq_navigation` ORDER BY nav_sort LIMIT 30  
[2018-03-03 12:12:07] /home/index.php?act=index&op=articleList ( act=index&op=articlelist ) 
ERR: Db Error: Table 'tpblog.jq_navigation' doesn't exist
SELECT * FROM `tpblog`.`jq_navigation` ORDER BY nav_sort LIMIT 30  
[2018-03-03 12:12:09] /home/index.php?act=index&op=index ( act=index&op=index ) 
ERR: Db Error: Table 'tpblog.jq_navigation' doesn't exist
SELECT * FROM `tpblog`.`jq_navigation` ORDER BY nav_sort LIMIT 30  
[2018-03-03 12:13:06] /home/index.php ( act=index&op=index ) 
ERR: Db Error: Table 'tpblog.jq_navigation' doesn't exist
SELECT * FROM `tpblog`.`jq_navigation` ORDER BY nav_sort LIMIT 30  
[2018-03-03 12:13:53] /home/index.php ( act=index&op=index ) 
ERR: Db Error: Table 'tpblog.jq_navigation' doesn't exist
SELECT * FROM `tpblog`.`jq_navigation` ORDER BY nav_sort LIMIT 30  
[2018-03-03 12:14:06] /home/index.php?act=index&op=index ( act=index&op=index ) 
ERR: Db Error: Table 'tpblog.jq_navigation' doesn't exist
SELECT * FROM `tpblog`.`jq_navigation` ORDER BY nav_sort LIMIT 30  
[2018-03-03 12:14:13] /home/index.php?act=index&op=index ( act=index&op=index ) 
ERR: Db Error: Table 'tpblog.jq_navigation' doesn't exist
SELECT * FROM `tpblog`.`jq_navigation` ORDER BY nav_sort LIMIT 30  
[2018-03-03 12:14:19] /home/index.php?act=index&op=index ( act=index&op=index ) 
ERR: Db Error: Table 'tpblog.jq_navigation' doesn't exist
SELECT * FROM `tpblog`.`jq_navigation` ORDER BY nav_sort LIMIT 30  
[2018-03-03 12:14:26] /home/index.php?act=index&op=index ( act=index&op=index ) 
ERR: Db Error: Table 'tpblog.jq_navigation' doesn't exist
SELECT * FROM `tpblog`.`jq_navigation` ORDER BY nav_sort LIMIT 30  
[2018-03-03 12:14:30] /home/index.php ( act=index&op=index ) 
ERR: Db Error: Table 'tpblog.jq_navigation' doesn't exist
SELECT * FROM `tpblog`.`jq_navigation` ORDER BY nav_sort LIMIT 30  
[2018-03-03 12:14:53] /home/index.php ( act=index&op=index ) 
ERR: Db Error: Table 'tpblog.jq_navigation' doesn't exist
SELECT * FROM `tpblog`.`jq_navigation` ORDER BY nav_sort LIMIT 30  
[2018-03-03 12:17:10] /home/index.php ( act=index&op=index ) 
ERR: Db Error: Table 'tpblog.jq_navigation' doesn't exist
SELECT * FROM `tpblog`.`jq_navigation` ORDER BY nav_sort LIMIT 30  
[2018-03-03 12:18:40] /home/index.php ( act=index&op=index ) 
ERR: Db Error: Table 'tpblog.jq_navigation' doesn't exist
SELECT * FROM `tpblog`.`jq_navigation` ORDER BY nav_sort LIMIT 30  
[2018-03-03 12:22:02] /home/index.php ( act=index&op=index ) 
ERR: Db Error: Table 'tpblog.jq_navigation' doesn't exist
SELECT * FROM `tpblog`.`jq_navigation` ORDER BY nav_sort LIMIT 30  
[2018-03-03 12:22:08] /home/index.php ( act=index&op=index ) 
ERR: Db Error: Table 'tpblog.jq_navigation' doesn't exist
SELECT * FROM `tpblog`.`jq_navigation` ORDER BY nav_sort LIMIT 30  
[2018-03-03 12:24:41] /home/index.php ( act=index&op=index ) 
ERR: Db Error: Table 'tpblog.jq_navigation' doesn't exist
SELECT * FROM `tpblog`.`jq_navigation` ORDER BY nav_sort LIMIT 30  
[2018-03-03 12:37:16] /home/index.php?act=index&op=articleClass ( act=index&op=articleclass ) 
ERR: Db Error: Table 'tpblog.jq_navigation' doesn't exist
SELECT * FROM `tpblog`.`jq_navigation` ORDER BY nav_sort LIMIT 30  
[2018-03-03 12:37:17] /home/index.php?act=index&op=index ( act=index&op=index ) 
ERR: Db Error: Table 'tpblog.jq_navigation' doesn't exist
SELECT * FROM `tpblog`.`jq_navigation` ORDER BY nav_sort LIMIT 30  
[2018-03-03 12:37:18] /home/index.php?act=index&op=articleList ( act=index&op=articlelist ) 
ERR: Db Error: Table 'tpblog.jq_navigation' doesn't exist
SELECT * FROM `tpblog`.`jq_navigation` ORDER BY nav_sort LIMIT 30  
[2018-03-03 12:37:19] /home/index.php?act=index&op=articleList ( act=index&op=articlelist ) 
ERR: Db Error: Table 'tpblog.jq_navigation' doesn't exist
SELECT * FROM `tpblog`.`jq_navigation` ORDER BY nav_sort LIMIT 30  
[2018-03-03 12:37:24] /home/index.php?act=index&op=articleClass ( act=index&op=articleclass ) 
ERR: Db Error: Table 'tpblog.jq_navigation' doesn't exist
SELECT * FROM `tpblog`.`jq_navigation` ORDER BY nav_sort LIMIT 30  
[2018-03-03 12:37:25] /home/index.php?act=index&op=articleList ( act=index&op=articlelist ) 
ERR: Db Error: Table 'tpblog.jq_navigation' doesn't exist
SELECT * FROM `tpblog`.`jq_navigation` ORDER BY nav_sort LIMIT 30  
[2018-03-03 12:37:26] /home/index.php?act=index&op=index ( act=index&op=index ) 
ERR: Db Error: Table 'tpblog.jq_navigation' doesn't exist
SELECT * FROM `tpblog`.`jq_navigation` ORDER BY nav_sort LIMIT 30  
[2018-03-03 12:37:31] /home/index.php?act=index&op=articleList ( act=index&op=articlelist ) 
ERR: Db Error: Table 'tpblog.jq_navigation' doesn't exist
SELECT * FROM `tpblog`.`jq_navigation` ORDER BY nav_sort LIMIT 30  
[2018-03-03 12:37:32] /home/index.php?act=index&op=articleClass ( act=index&op=articleclass ) 
ERR: Db Error: Table 'tpblog.jq_navigation' doesn't exist
SELECT * FROM `tpblog`.`jq_navigation` ORDER BY nav_sort LIMIT 30  
[2018-03-03 12:37:33] /home/index.php?act=index&op=articleClass ( act=index&op=articleclass ) 
ERR: Db Error: Table 'tpblog.jq_navigation' doesn't exist
SELECT * FROM `tpblog`.`jq_navigation` ORDER BY nav_sort LIMIT 30  
[2018-03-03 12:37:34] /home/index.php?act=index&op=aboutMe ( act=index&op=aboutme ) 
ERR: Db Error: Table 'tpblog.jq_navigation' doesn't exist
SELECT * FROM `tpblog`.`jq_navigation` ORDER BY nav_sort LIMIT 30  
[2018-03-03 12:38:22] /home/index.php?act=index&op=articleList ( act=index&op=articlelist ) 
ERR: Db Error: Table 'tpblog.jq_navigation' doesn't exist
SELECT * FROM `tpblog`.`jq_navigation` ORDER BY nav_sort LIMIT 30  
[2018-03-03 12:38:35] /home/index.php ( act=index&op=index ) 
ERR: Db Error: Table 'tpblog.jq_navigation' doesn't exist
SELECT * FROM `tpblog`.`jq_navigation` ORDER BY nav_sort LIMIT 30  
[2018-03-03 12:38:36] /home/index.php ( act=index&op=index ) 
ERR: Db Error: Table 'tpblog.jq_navigation' doesn't exist
SELECT * FROM `tpblog`.`jq_navigation` ORDER BY nav_sort LIMIT 30  
[2018-03-03 12:38:52] /home/index.php ( act=index&op=index ) 
ERR: Db Error: Table 'tpblog.jq_navigation' doesn't exist
SELECT * FROM `tpblog`.`jq_navigation` ORDER BY nav_sort LIMIT 30  
[2018-03-03 12:38:53] /home/index.php ( act=index&op=index ) 
ERR: Db Error: Table 'tpblog.jq_navigation' doesn't exist
SELECT * FROM `tpblog`.`jq_navigation` ORDER BY nav_sort LIMIT 30  
[2018-03-03 12:38:54] /home/index.php ( act=index&op=index ) 
ERR: Db Error: Table 'tpblog.jq_navigation' doesn't exist
SELECT * FROM `tpblog`.`jq_navigation` ORDER BY nav_sort LIMIT 30  
[2018-03-03 12:38:55] /home/index.php ( act=index&op=index ) 
ERR: Db Error: Table 'tpblog.jq_navigation' doesn't exist
SELECT * FROM `tpblog`.`jq_navigation` ORDER BY nav_sort LIMIT 30  
[2018-03-03 12:38:57] /home/index.php ( act=index&op=index ) 
ERR: Db Error: Table 'tpblog.jq_navigation' doesn't exist
SELECT * FROM `tpblog`.`jq_navigation` ORDER BY nav_sort LIMIT 30  
[2018-03-03 12:38:58] /home/index.php ( act=index&op=index ) 
ERR: Db Error: Table 'tpblog.jq_navigation' doesn't exist
SELECT * FROM `tpblog`.`jq_navigation` ORDER BY nav_sort LIMIT 30  
[2018-03-03 12:38:59] /home/index.php ( act=index&op=index ) 
ERR: Db Error: Table 'tpblog.jq_navigation' doesn't exist
SELECT * FROM `tpblog`.`jq_navigation` ORDER BY nav_sort LIMIT 30  
[2018-03-03 12:39:00] /home/index.php ( act=index&op=index ) 
ERR: Db Error: Table 'tpblog.jq_navigation' doesn't exist
SELECT * FROM `tpblog`.`jq_navigation` ORDER BY nav_sort LIMIT 30  
[2018-03-03 12:39:06] /home/index.php?act=index&op=articleList ( act=index&op=articlelist ) 
ERR: Db Error: Table 'tpblog.jq_navigation' doesn't exist
SELECT * FROM `tpblog`.`jq_navigation` ORDER BY nav_sort LIMIT 30  
[2018-03-03 12:39:14] /home/index.php?act=index&op=articleClass ( act=index&op=articleclass ) 
ERR: Db Error: Table 'tpblog.jq_navigation' doesn't exist
SELECT * FROM `tpblog`.`jq_navigation` ORDER BY nav_sort LIMIT 30  
[2018-03-03 12:39:20] /home/index.php?act=index&op=aboutMe ( act=index&op=aboutme ) 
ERR: Db Error: Table 'tpblog.jq_navigation' doesn't exist
SELECT * FROM `tpblog`.`jq_navigation` ORDER BY nav_sort LIMIT 30  
[2018-03-03 12:39:22] /home/index.php?act=index&op=index ( act=index&op=index ) 
ERR: Db Error: Table 'tpblog.jq_navigation' doesn't exist
SELECT * FROM `tpblog`.`jq_navigation` ORDER BY nav_sort LIMIT 30  
[2018-03-03 12:39:27] /home/index.php ( act=index&op=index ) 
ERR: Db Error: Table 'tpblog.jq_navigation' doesn't exist
SELECT * FROM `tpblog`.`jq_navigation` ORDER BY nav_sort LIMIT 30  
[2018-03-03 12:39:51] /home/index.php?act=index&op=articleList ( act=index&op=articlelist ) 
ERR: Db Error: Table 'tpblog.jq_navigation' doesn't exist
SELECT * FROM `tpblog`.`jq_navigation` ORDER BY nav_sort LIMIT 30  
[2018-03-03 12:40:22] /home/index.php?act=index&op=articleList ( act=index&op=articlelist ) 
ERR: Db Error: Table 'tpblog.jq_navigation' doesn't exist
SELECT * FROM `tpblog`.`jq_navigation` ORDER BY nav_sort LIMIT 30  
[2018-03-03 12:40:25] /home/index.php?act=index&op=articleList ( act=index&op=articlelist ) 
ERR: Db Error: Table 'tpblog.jq_navigation' doesn't exist
SELECT * FROM `tpblog`.`jq_navigation` ORDER BY nav_sort LIMIT 30  
[2018-03-03 12:40:27] /home/index.php?act=index&op=articleList ( act=index&op=articlelist ) 
ERR: Db Error: Table 'tpblog.jq_navigation' doesn't exist
SELECT * FROM `tpblog`.`jq_navigation` ORDER BY nav_sort LIMIT 30  
[2018-03-03 12:40:32] /home/index.php?act=index&op=articleList ( act=index&op=articlelist ) 
ERR: Db Error: Table 'tpblog.jq_navigation' doesn't exist
SELECT * FROM `tpblog`.`jq_navigation` ORDER BY nav_sort LIMIT 30  
[2018-03-03 12:40:38] /home/index.php?act=index&op=articleList ( act=index&op=articlelist ) 
ERR: Db Error: Table 'tpblog.jq_navigation' doesn't exist
SELECT * FROM `tpblog`.`jq_navigation` ORDER BY nav_sort LIMIT 30  
[2018-03-03 12:40:41] /home/index.php?act=index&op=articleList ( act=index&op=articlelist ) 
ERR: Db Error: Table 'tpblog.jq_navigation' doesn't exist
SELECT * FROM `tpblog`.`jq_navigation` ORDER BY nav_sort LIMIT 30  
[2018-03-03 12:40:43] /home/index.php?act=index&op=articleList ( act=index&op=articlelist ) 
ERR: Db Error: Table 'tpblog.jq_navigation' doesn't exist
SELECT * FROM `tpblog`.`jq_navigation` ORDER BY nav_sort LIMIT 30  
[2018-03-03 12:40:46] /home/index.php?act=index&op=index ( act=index&op=index ) 
ERR: Db Error: Table 'tpblog.jq_navigation' doesn't exist
SELECT * FROM `tpblog`.`jq_navigation` ORDER BY nav_sort LIMIT 30  
[2018-03-03 12:40:47] /home/index.php?act=index&op=articleClass ( act=index&op=articleclass ) 
ERR: Db Error: Table 'tpblog.jq_navigation' doesn't exist
SELECT * FROM `tpblog`.`jq_navigation` ORDER BY nav_sort LIMIT 30  
[2018-03-03 12:40:48] /home/index.php?act=index&op=aboutMe ( act=index&op=aboutme ) 
ERR: Db Error: Table 'tpblog.jq_navigation' doesn't exist
SELECT * FROM `tpblog`.`jq_navigation` ORDER BY nav_sort LIMIT 30  
[2018-03-03 12:40:49] /home/index.php?act=index&op=articleClass ( act=index&op=articleclass ) 
ERR: Db Error: Table 'tpblog.jq_navigation' doesn't exist
SELECT * FROM `tpblog`.`jq_navigation` ORDER BY nav_sort LIMIT 30  
[2018-03-03 12:40:49] /home/index.php?act=index&op=articleList ( act=index&op=articlelist ) 
ERR: Db Error: Table 'tpblog.jq_navigation' doesn't exist
SELECT * FROM `tpblog`.`jq_navigation` ORDER BY nav_sort LIMIT 30  
[2018-03-03 12:40:52] /home/index.php ( act=index&op=index ) 
ERR: Db Error: Table 'tpblog.jq_navigation' doesn't exist
SELECT * FROM `tpblog`.`jq_navigation` ORDER BY nav_sort LIMIT 30  
[2018-03-03 12:40:55] /home/index.php?act=index&op=articleList ( act=index&op=articlelist ) 
ERR: Db Error: Table 'tpblog.jq_navigation' doesn't exist
SELECT * FROM `tpblog`.`jq_navigation` ORDER BY nav_sort LIMIT 30  
[2018-03-03 12:40:57] /home/index.php?act=index&op=articleClass ( act=index&op=articleclass ) 
ERR: Db Error: Table 'tpblog.jq_navigation' doesn't exist
SELECT * FROM `tpblog`.`jq_navigation` ORDER BY nav_sort LIMIT 30  
[2018-03-03 12:40:57] /home/index.php?act=index&op=aboutMe ( act=index&op=aboutme ) 
ERR: Db Error: Table 'tpblog.jq_navigation' doesn't exist
SELECT * FROM `tpblog`.`jq_navigation` ORDER BY nav_sort LIMIT 30  
[2018-03-03 12:40:58] /home/index.php?act=index&op=index ( act=index&op=index ) 
ERR: Db Error: Table 'tpblog.jq_navigation' doesn't exist
SELECT * FROM `tpblog`.`jq_navigation` ORDER BY nav_sort LIMIT 30  
[2018-03-03 12:40:59] /home/index.php?act=index&op=articleList ( act=index&op=articlelist ) 
ERR: Db Error: Table 'tpblog.jq_navigation' doesn't exist
SELECT * FROM `tpblog`.`jq_navigation` ORDER BY nav_sort LIMIT 30  
[2018-03-03 12:41:00] /home/index.php?act=index&op=articleClass ( act=index&op=articleclass ) 
ERR: Db Error: Table 'tpblog.jq_navigation' doesn't exist
SELECT * FROM `tpblog`.`jq_navigation` ORDER BY nav_sort LIMIT 30  
[2018-03-03 12:41:00] /home/index.php?act=index&op=aboutMe ( act=index&op=aboutme ) 
ERR: Db Error: Table 'tpblog.jq_navigation' doesn't exist
SELECT * FROM `tpblog`.`jq_navigation` ORDER BY nav_sort LIMIT 30  
[2018-03-03 12:41:01] /home/index.php?act=index&op=articleClass ( act=index&op=articleclass ) 
ERR: Db Error: Table 'tpblog.jq_navigation' doesn't exist
SELECT * FROM `tpblog`.`jq_navigation` ORDER BY nav_sort LIMIT 30  
[2018-03-03 12:41:48] /home/index.php?act=index&op=articleClass ( act=index&op=articleclass ) 
ERR: Db Error: Table 'tpblog.jq_navigation' doesn't exist
SELECT * FROM `tpblog`.`jq_navigation` ORDER BY nav_sort LIMIT 30  
[2018-03-03 12:41:50] /home/index.php?act=index&op=articleList ( act=index&op=articlelist ) 
ERR: Db Error: Table 'tpblog.jq_navigation' doesn't exist
SELECT * FROM `tpblog`.`jq_navigation` ORDER BY nav_sort LIMIT 30  
[2018-03-03 12:41:53] /home/index.php ( act=index&op=index ) 
ERR: Db Error: Table 'tpblog.jq_navigation' doesn't exist
SELECT * FROM `tpblog`.`jq_navigation` ORDER BY nav_sort LIMIT 30  
[2018-03-03 12:41:53] /home/index.php ( act=index&op=index ) 
ERR: Db Error: Table 'tpblog.jq_navigation' doesn't exist
SELECT * FROM `tpblog`.`jq_navigation` ORDER BY nav_sort LIMIT 30  
[2018-03-03 13:21:17] /home/index.php ( act=index&op=index ) 
ERR: Db Error: Table 'tpblog.jq_navigation' doesn't exist
SELECT * FROM `tpblog`.`jq_navigation` ORDER BY nav_sort LIMIT 30  
[2018-03-03 13:22:28] /home/index.php ( act=index&op=index ) 
ERR: Db Error: Table 'tpblog.jq_navigation' doesn't exist
SELECT * FROM `tpblog`.`jq_navigation` ORDER BY nav_sort LIMIT 30  
[2018-03-03 13:24:14] /home/index.php ( act=index&op=index ) 
ERR: Db Error: Table 'tpblog.jq_navigation' doesn't exist
SELECT * FROM `tpblog`.`jq_navigation` ORDER BY nav_sort LIMIT 30  
[2018-03-03 13:24:16] /home/index.php ( act=index&op=index ) 
ERR: Db Error: Table 'tpblog.jq_navigation' doesn't exist
SELECT * FROM `tpblog`.`jq_navigation` ORDER BY nav_sort LIMIT 30  
[2018-03-03 13:24:22] /home/index.php ( act=index&op=index ) 
ERR: Db Error: Table 'tpblog.jq_navigation' doesn't exist
SELECT * FROM `tpblog`.`jq_navigation` ORDER BY nav_sort LIMIT 30  
[2018-03-03 18:47:51] /home/index.php?act=index&op=index ( act=index&op=index ) 
ERR: Db Error: Table 'tpblog.jq_navigation' doesn't exist
SELECT * FROM `tpblog`.`jq_navigation` ORDER BY nav_sort LIMIT 30  
[2018-03-03 18:47:54] /home/index.php?act=index&op=articleList ( act=index&op=articlelist ) 
ERR: Db Error: Table 'tpblog.jq_navigation' doesn't exist
SELECT * FROM `tpblog`.`jq_navigation` ORDER BY nav_sort LIMIT 30  
[2018-03-03 18:47:56] /home/index.php?act=index&op=articleClass ( act=index&op=articleclass ) 
ERR: Db Error: Table 'tpblog.jq_navigation' doesn't exist
SELECT * FROM `tpblog`.`jq_navigation` ORDER BY nav_sort LIMIT 30  
[2018-03-03 18:47:58] /home/index.php?act=index&op=aboutMe ( act=index&op=aboutme ) 
ERR: Db Error: Table 'tpblog.jq_navigation' doesn't exist
SELECT * FROM `tpblog`.`jq_navigation` ORDER BY nav_sort LIMIT 30  
[2018-03-03 18:48:00] /home/index.php?act=index&op=index ( act=index&op=index ) 
ERR: Db Error: Table 'tpblog.jq_navigation' doesn't exist
SELECT * FROM `tpblog`.`jq_navigation` ORDER BY nav_sort LIMIT 30  
[2018-03-03 18:48:10] /home/index.php?act=index&op=index ( act=index&op=index ) 
ERR: Db Error: Table 'tpblog.jq_navigation' doesn't exist
SELECT * FROM `tpblog`.`jq_navigation` ORDER BY nav_sort LIMIT 30  
[2018-03-03 18:48:14] /home/ ( act=index&op=index ) 
ERR: Db Error: Table 'tpblog.jq_navigation' doesn't exist
SELECT * FROM `tpblog`.`jq_navigation` ORDER BY nav_sort LIMIT 30  
[2018-03-03 22:07:53] /home/index.php?act=index&op=index ( act=index&op=index ) 
ERR: Db Error: Table 'tpblog.jq_navigation' doesn't exist
SELECT * FROM `tpblog`.`jq_navigation` ORDER BY nav_sort LIMIT 30  
[2018-03-03 22:15:23] /home/index.php?act=index&op=articleList ( act=index&op=articlelist ) 
ERR: Db Error: Table 'tpblog.jq_navigation' doesn't exist
SELECT * FROM `tpblog`.`jq_navigation` ORDER BY nav_sort LIMIT 30  
[2018-03-03 22:15:25] /home/index.php?act=index&op=index ( act=index&op=index ) 
ERR: Db Error: Table 'tpblog.jq_navigation' doesn't exist
SELECT * FROM `tpblog`.`jq_navigation` ORDER BY nav_sort LIMIT 30  
[2018-03-03 22:15:27] /home/index.php?act=index&op=articleList ( act=index&op=articlelist ) 
ERR: Db Error: Table 'tpblog.jq_navigation' doesn't exist
SELECT * FROM `tpblog`.`jq_navigation` ORDER BY nav_sort LIMIT 30  
[2018-03-03 22:15:28] /home/index.php?act=index&op=articleClass ( act=index&op=articleclass ) 
ERR: Db Error: Table 'tpblog.jq_navigation' doesn't exist
SELECT * FROM `tpblog`.`jq_navigation` ORDER BY nav_sort LIMIT 30  
[2018-03-03 22:17:08] /home/index.php?act=index&op=articleClass ( act=index&op=articleclass ) 
ERR: Db Error: Table 'tpblog.jq_navigation' doesn't exist
SELECT * FROM `tpblog`.`jq_navigation` ORDER BY nav_sort LIMIT 30  
[2018-03-03 22:17:11] /home/index.php?act=index&op=articleClass ( act=index&op=articleclass ) 
ERR: Db Error: Table 'tpblog.jq_navigation' doesn't exist
SELECT * FROM `tpblog`.`jq_navigation` ORDER BY nav_sort LIMIT 30  
[2018-03-03 22:17:14] /home/index.php?act=index&op=articleClass ( act=index&op=articleclass ) 
ERR: Db Error: Table 'tpblog.jq_navigation' doesn't exist
SELECT * FROM `tpblog`.`jq_navigation` ORDER BY nav_sort LIMIT 30  
[2018-03-03 22:20:11] /home/index.php ( act=index&op=index ) 
ERR: Db Error: Table 'tpblog.jq_navigation' doesn't exist
SELECT * FROM `tpblog`.`jq_navigation` ORDER BY nav_sort LIMIT 30  
[2018-03-03 22:20:33] /admin/index.php?act=login&op=login ( act=login&op=login ) 
ERR: Db Error: Table 'tpblog.jq_lock' doesn't exist
SELECT * FROM `tpblog`.`jq_lock` WHERE ( pid = '213070643305' ) LIMIT 1  
[2018-03-03 22:20:33] /admin/index.php?act=login&op=login ( act=login&op=login ) 
ERR: Db Error: Table 'tpblog.jq_lock' doesn't exist
DELETE  FROM `tpblog`.`jq_lock` WHERE ( pid = '213070643305' )
[2018-03-03 22:20:33] /admin/index.php?act=login&op=login ( act=login&op=login ) 
ERR: Db Error: Table 'tpblog.jq_lock' doesn't exist
DELETE  FROM `tpblog`.`jq_lock` WHERE ( pid = '21307064335' )
[2018-03-03 22:20:33] /admin/index.php?act=dashboard&op=statistics ( act=dashboard&op=statistics ) 
ERR: Db Error: Table 'tpblog.jq_company' doesn't exist
SELECT COUNT(*) AS nc_count FROM `tpblog`.`jq_company` LIMIT 1  
[2018-03-03 22:20:33] /admin/index.php?act=dashboard&op=statistics ( act=dashboard&op=statistics ) 
ERR: Db Error: Table 'tpblog.jq_personel' doesn't exist
SELECT COUNT(*) AS nc_count FROM `tpblog`.`jq_personel` LIMIT 1  
[2018-03-03 22:20:33] /admin/index.php?act=dashboard&op=statistics ( act=dashboard&op=statistics ) 
ERR: Db Error: Table 'tpblog.jq_driver' doesn't exist
SELECT COUNT(*) AS nc_count FROM `tpblog`.`jq_driver` LIMIT 1  
[2018-03-03 22:20:33] /admin/index.php?act=dashboard&op=statistics ( act=dashboard&op=statistics ) 
ERR: Db Error: Table 'tpblog.jq_order' doesn't exist
SELECT COUNT(*) AS nc_count FROM `tpblog`.`jq_order` LIMIT 1  
[2018-03-03 22:45:36] /home/index.php?act=index&op=articleClass ( act=index&op=articleclass ) 
ERR: Db Error: Table 'tpblog.jq_navigation' doesn't exist
SELECT * FROM `tpblog`.`jq_navigation` ORDER BY nav_sort LIMIT 30  
[2018-03-03 22:45:39] /home/index.php?act=index&op=articleList ( act=index&op=articlelist ) 
ERR: Db Error: Table 'tpblog.jq_navigation' doesn't exist
SELECT * FROM `tpblog`.`jq_navigation` ORDER BY nav_sort LIMIT 30  
[2018-03-03 22:46:39] /home/index.php?act=index&op=articleList ( act=index&op=articlelist ) 
ERR: Db Error: Table 'tpblog.jq_navigation' doesn't exist
SELECT * FROM `tpblog`.`jq_navigation` ORDER BY nav_sort LIMIT 30  
[2018-03-03 23:45:58] /admin/index.php?act=login&op=login ( act=login&op=login ) 
ERR: Db Error: Table 'tpblog.jq_lock' doesn't exist
SELECT * FROM `tpblog`.`jq_lock` WHERE ( pid = '213070643305' ) LIMIT 1  
[2018-03-03 23:45:58] /admin/index.php?act=login&op=login ( act=login&op=login ) 
ERR: Db Error: Table 'tpblog.jq_lock' doesn't exist
DELETE  FROM `tpblog`.`jq_lock` WHERE ( pid = '213070643305' )
[2018-03-03 23:45:58] /admin/index.php?act=login&op=login ( act=login&op=login ) 
ERR: Db Error: Table 'tpblog.jq_lock' doesn't exist
DELETE  FROM `tpblog`.`jq_lock` WHERE ( pid = '21307064335' )
[2018-03-03 23:45:58] /admin/index.php?act=dashboard&op=statistics ( act=dashboard&op=statistics ) 
ERR: Db Error: Table 'tpblog.jq_company' doesn't exist
SELECT COUNT(*) AS nc_count FROM `tpblog`.`jq_company` LIMIT 1  
[2018-03-03 23:45:58] /admin/index.php?act=dashboard&op=statistics ( act=dashboard&op=statistics ) 
ERR: Db Error: Table 'tpblog.jq_personel' doesn't exist
SELECT COUNT(*) AS nc_count FROM `tpblog`.`jq_personel` LIMIT 1  
[2018-03-03 23:45:58] /admin/index.php?act=dashboard&op=statistics ( act=dashboard&op=statistics ) 
ERR: Db Error: Table 'tpblog.jq_driver' doesn't exist
SELECT COUNT(*) AS nc_count FROM `tpblog`.`jq_driver` LIMIT 1  
[2018-03-03 23:45:58] /admin/index.php?act=dashboard&op=statistics ( act=dashboard&op=statistics ) 
ERR: Db Error: Table 'tpblog.jq_order' doesn't exist
SELECT COUNT(*) AS nc_count FROM `tpblog`.`jq_order` LIMIT 1  
[2018-03-03 23:46:10] /admin/index.php?act=dashboard&op=statistics ( act=dashboard&op=statistics ) 
ERR: Db Error: Table 'tpblog.jq_company' doesn't exist
SELECT COUNT(*) AS nc_count FROM `tpblog`.`jq_company` LIMIT 1  
[2018-03-03 23:46:10] /admin/index.php?act=dashboard&op=statistics ( act=dashboard&op=statistics ) 
ERR: Db Error: Table 'tpblog.jq_personel' doesn't exist
SELECT COUNT(*) AS nc_count FROM `tpblog`.`jq_personel` LIMIT 1  
[2018-03-03 23:46:10] /admin/index.php?act=dashboard&op=statistics ( act=dashboard&op=statistics ) 
ERR: Db Error: Table 'tpblog.jq_driver' doesn't exist
SELECT COUNT(*) AS nc_count FROM `tpblog`.`jq_driver` LIMIT 1  
[2018-03-03 23:46:10] /admin/index.php?act=dashboard&op=statistics ( act=dashboard&op=statistics ) 
ERR: Db Error: Table 'tpblog.jq_order' doesn't exist
SELECT COUNT(*) AS nc_count FROM `tpblog`.`jq_order` LIMIT 1  
[2018-03-03 23:46:12] /admin/index.php?act=dashboard&op=statistics ( act=dashboard&op=statistics ) 
ERR: Db Error: Table 'tpblog.jq_company' doesn't exist
SELECT COUNT(*) AS nc_count FROM `tpblog`.`jq_company` LIMIT 1  
[2018-03-03 23:46:12] /admin/index.php?act=dashboard&op=statistics ( act=dashboard&op=statistics ) 
ERR: Db Error: Table 'tpblog.jq_personel' doesn't exist
SELECT COUNT(*) AS nc_count FROM `tpblog`.`jq_personel` LIMIT 1  
[2018-03-03 23:46:12] /admin/index.php?act=dashboard&op=statistics ( act=dashboard&op=statistics ) 
ERR: Db Error: Table 'tpblog.jq_driver' doesn't exist
SELECT COUNT(*) AS nc_count FROM `tpblog`.`jq_driver` LIMIT 1  
[2018-03-03 23:46:12] /admin/index.php?act=dashboard&op=statistics ( act=dashboard&op=statistics ) 
ERR: Db Error: Table 'tpblog.jq_order' doesn't exist
SELECT COUNT(*) AS nc_count FROM `tpblog`.`jq_order` LIMIT 1  
[2018-03-03 23:46:22] /admin/index.php?act=dashboard&op=statistics ( act=dashboard&op=statistics ) 
ERR: Db Error: Table 'tpblog.jq_company' doesn't exist
SELECT COUNT(*) AS nc_count FROM `tpblog`.`jq_company` LIMIT 1  
[2018-03-03 23:46:22] /admin/index.php?act=dashboard&op=statistics ( act=dashboard&op=statistics ) 
ERR: Db Error: Table 'tpblog.jq_personel' doesn't exist
SELECT COUNT(*) AS nc_count FROM `tpblog`.`jq_personel` LIMIT 1  
[2018-03-03 23:46:22] /admin/index.php?act=dashboard&op=statistics ( act=dashboard&op=statistics ) 
ERR: Db Error: Table 'tpblog.jq_driver' doesn't exist
SELECT COUNT(*) AS nc_count FROM `tpblog`.`jq_driver` LIMIT 1  
[2018-03-03 23:46:22] /admin/index.php?act=dashboard&op=statistics ( act=dashboard&op=statistics ) 
ERR: Db Error: Table 'tpblog.jq_order' doesn't exist
SELECT COUNT(*) AS nc_count FROM `tpblog`.`jq_order` LIMIT 1  
[2018-03-03 23:47:31] /admin/index.php?act=login&op=login ( act=login&op=login ) 
ERR: Db Error: Table 'tpblog.jq_lock' doesn't exist
SELECT * FROM `tpblog`.`jq_lock` WHERE ( pid = '213070643305' ) LIMIT 1  
[2018-03-03 23:47:31] /admin/index.php?act=login&op=login ( act=login&op=login ) 
ERR: Db Error: Table 'tpblog.jq_lock' doesn't exist
DELETE  FROM `tpblog`.`jq_lock` WHERE ( pid = '213070643305' )
[2018-03-03 23:47:31] /admin/index.php?act=login&op=login ( act=login&op=login ) 
ERR: Db Error: Table 'tpblog.jq_lock' doesn't exist
DELETE  FROM `tpblog`.`jq_lock` WHERE ( pid = '21307064335' )
[2018-03-03 23:48:52] /admin/index.php?act=dashboard&op=statistics ( act=dashboard&op=statistics ) 
ERR: Db Error: Table 'tpblog.jq_company' doesn't exist
SELECT COUNT(*) AS nc_count FROM `tpblog`.`jq_company` LIMIT 1  
[2018-03-03 23:48:52] /admin/index.php?act=dashboard&op=statistics ( act=dashboard&op=statistics ) 
ERR: Db Error: Table 'tpblog.jq_personel' doesn't exist
SELECT COUNT(*) AS nc_count FROM `tpblog`.`jq_personel` LIMIT 1  
[2018-03-03 23:48:52] /admin/index.php?act=dashboard&op=statistics ( act=dashboard&op=statistics ) 
ERR: Db Error: Table 'tpblog.jq_driver' doesn't exist
SELECT COUNT(*) AS nc_count FROM `tpblog`.`jq_driver` LIMIT 1  
[2018-03-03 23:48:52] /admin/index.php?act=dashboard&op=statistics ( act=dashboard&op=statistics ) 
ERR: Db Error: Table 'tpblog.jq_order' doesn't exist
SELECT COUNT(*) AS nc_count FROM `tpblog`.`jq_order` LIMIT 1  
[2018-03-03 23:48:55] /admin/index.php?act=dashboard&op=statistics ( act=dashboard&op=statistics ) 
ERR: Db Error: Table 'tpblog.jq_company' doesn't exist
SELECT COUNT(*) AS nc_count FROM `tpblog`.`jq_company` LIMIT 1  
[2018-03-03 23:48:55] /admin/index.php?act=dashboard&op=statistics ( act=dashboard&op=statistics ) 
ERR: Db Error: Table 'tpblog.jq_personel' doesn't exist
SELECT COUNT(*) AS nc_count FROM `tpblog`.`jq_personel` LIMIT 1  
[2018-03-03 23:48:55] /admin/index.php?act=dashboard&op=statistics ( act=dashboard&op=statistics ) 
ERR: Db Error: Table 'tpblog.jq_driver' doesn't exist
SELECT COUNT(*) AS nc_count FROM `tpblog`.`jq_driver` LIMIT 1  
[2018-03-03 23:48:55] /admin/index.php?act=dashboard&op=statistics ( act=dashboard&op=statistics ) 
ERR: Db Error: Table 'tpblog.jq_order' doesn't exist
SELECT COUNT(*) AS nc_count FROM `tpblog`.`jq_order` LIMIT 1  
[2018-03-03 23:49:01] /admin/index.php?act=dashboard&op=statistics ( act=dashboard&op=statistics ) 
ERR: Db Error: Table 'tpblog.jq_company' doesn't exist
SELECT COUNT(*) AS nc_count FROM `tpblog`.`jq_company` LIMIT 1  
[2018-03-03 23:49:01] /admin/index.php?act=dashboard&op=statistics ( act=dashboard&op=statistics ) 
ERR: Db Error: Table 'tpblog.jq_personel' doesn't exist
SELECT COUNT(*) AS nc_count FROM `tpblog`.`jq_personel` LIMIT 1  
[2018-03-03 23:49:01] /admin/index.php?act=dashboard&op=statistics ( act=dashboard&op=statistics ) 
ERR: Db Error: Table 'tpblog.jq_driver' doesn't exist
SELECT COUNT(*) AS nc_count FROM `tpblog`.`jq_driver` LIMIT 1  
[2018-03-03 23:49:01] /admin/index.php?act=dashboard&op=statistics ( act=dashboard&op=statistics ) 
ERR: Db Error: Table 'tpblog.jq_order' doesn't exist
SELECT COUNT(*) AS nc_count FROM `tpblog`.`jq_order` LIMIT 1  
[2018-03-03 23:53:42] /admin/index.php?act=dashboard&op=statistics ( act=dashboard&op=statistics ) 
ERR: Db Error: Table 'tpblog.jq_company' doesn't exist
SELECT COUNT(*) AS nc_count FROM `tpblog`.`jq_company` LIMIT 1  
[2018-03-03 23:53:42] /admin/index.php?act=dashboard&op=statistics ( act=dashboard&op=statistics ) 
ERR: Db Error: Table 'tpblog.jq_personel' doesn't exist
SELECT COUNT(*) AS nc_count FROM `tpblog`.`jq_personel` LIMIT 1  
[2018-03-03 23:53:42] /admin/index.php?act=dashboard&op=statistics ( act=dashboard&op=statistics ) 
ERR: Db Error: Table 'tpblog.jq_driver' doesn't exist
SELECT COUNT(*) AS nc_count FROM `tpblog`.`jq_driver` LIMIT 1  
[2018-03-03 23:53:42] /admin/index.php?act=dashboard&op=statistics ( act=dashboard&op=statistics ) 
ERR: Db Error: Table 'tpblog.jq_order' doesn't exist
SELECT COUNT(*) AS nc_count FROM `tpblog`.`jq_order` LIMIT 1  
[2018-03-03 23:53:45] /admin/index.php?act=dashboard&op=statistics ( act=dashboard&op=statistics ) 
ERR: Db Error: Table 'tpblog.jq_company' doesn't exist
SELECT COUNT(*) AS nc_count FROM `tpblog`.`jq_company` LIMIT 1  
[2018-03-03 23:53:45] /admin/index.php?act=dashboard&op=statistics ( act=dashboard&op=statistics ) 
ERR: Db Error: Table 'tpblog.jq_personel' doesn't exist
SELECT COUNT(*) AS nc_count FROM `tpblog`.`jq_personel` LIMIT 1  
[2018-03-03 23:53:45] /admin/index.php?act=dashboard&op=statistics ( act=dashboard&op=statistics ) 
ERR: Db Error: Table 'tpblog.jq_driver' doesn't exist
SELECT COUNT(*) AS nc_count FROM `tpblog`.`jq_driver` LIMIT 1  
[2018-03-03 23:53:45] /admin/index.php?act=dashboard&op=statistics ( act=dashboard&op=statistics ) 
ERR: Db Error: Table 'tpblog.jq_order' doesn't exist
SELECT COUNT(*) AS nc_count FROM `tpblog`.`jq_order` LIMIT 1  
[2018-03-03 23:54:43] /admin/index.php?act=dashboard&op=statistics ( act=dashboard&op=statistics ) 
ERR: Db Error: Table 'tpblog.jq_company' doesn't exist
SELECT COUNT(*) AS nc_count FROM `tpblog`.`jq_company` LIMIT 1  
[2018-03-03 23:54:43] /admin/index.php?act=dashboard&op=statistics ( act=dashboard&op=statistics ) 
ERR: Db Error: Table 'tpblog.jq_personel' doesn't exist
SELECT COUNT(*) AS nc_count FROM `tpblog`.`jq_personel` LIMIT 1  
[2018-03-03 23:54:43] /admin/index.php?act=dashboard&op=statistics ( act=dashboard&op=statistics ) 
ERR: Db Error: Table 'tpblog.jq_driver' doesn't exist
SELECT COUNT(*) AS nc_count FROM `tpblog`.`jq_driver` LIMIT 1  
[2018-03-03 23:54:43] /admin/index.php?act=dashboard&op=statistics ( act=dashboard&op=statistics ) 
ERR: Db Error: Table 'tpblog.jq_order' doesn't exist
SELECT COUNT(*) AS nc_count FROM `tpblog`.`jq_order` LIMIT 1  
[2018-03-03 23:54:45] /admin/index.php?act=dashboard&op=statistics ( act=dashboard&op=statistics ) 
ERR: Db Error: Table 'tpblog.jq_company' doesn't exist
SELECT COUNT(*) AS nc_count FROM `tpblog`.`jq_company` LIMIT 1  
[2018-03-03 23:54:45] /admin/index.php?act=dashboard&op=statistics ( act=dashboard&op=statistics ) 
ERR: Db Error: Table 'tpblog.jq_personel' doesn't exist
SELECT COUNT(*) AS nc_count FROM `tpblog`.`jq_personel` LIMIT 1  
[2018-03-03 23:54:45] /admin/index.php?act=dashboard&op=statistics ( act=dashboard&op=statistics ) 
ERR: Db Error: Table 'tpblog.jq_driver' doesn't exist
SELECT COUNT(*) AS nc_count FROM `tpblog`.`jq_driver` LIMIT 1  
[2018-03-03 23:54:45] /admin/index.php?act=dashboard&op=statistics ( act=dashboard&op=statistics ) 
ERR: Db Error: Table 'tpblog.jq_order' doesn't exist
SELECT COUNT(*) AS nc_count FROM `tpblog`.`jq_order` LIMIT 1  
[2018-03-03 23:54:48] /admin/index.php?act=dashboard&op=statistics ( act=dashboard&op=statistics ) 
ERR: Db Error: Table 'tpblog.jq_company' doesn't exist
SELECT COUNT(*) AS nc_count FROM `tpblog`.`jq_company` LIMIT 1  
[2018-03-03 23:54:48] /admin/index.php?act=dashboard&op=statistics ( act=dashboard&op=statistics ) 
ERR: Db Error: Table 'tpblog.jq_personel' doesn't exist
SELECT COUNT(*) AS nc_count FROM `tpblog`.`jq_personel` LIMIT 1  
[2018-03-03 23:54:48] /admin/index.php?act=dashboard&op=statistics ( act=dashboard&op=statistics ) 
ERR: Db Error: Table 'tpblog.jq_driver' doesn't exist
SELECT COUNT(*) AS nc_count FROM `tpblog`.`jq_driver` LIMIT 1  
[2018-03-03 23:54:48] /admin/index.php?act=dashboard&op=statistics ( act=dashboard&op=statistics ) 
ERR: Db Error: Table 'tpblog.jq_order' doesn't exist
SELECT COUNT(*) AS nc_count FROM `tpblog`.`jq_order` LIMIT 1  
[2018-03-03 23:54:50] /admin/index.php?act=dashboard&op=statistics ( act=dashboard&op=statistics ) 
ERR: Db Error: Table 'tpblog.jq_company' doesn't exist
SELECT COUNT(*) AS nc_count FROM `tpblog`.`jq_company` LIMIT 1  
[2018-03-03 23:54:50] /admin/index.php?act=dashboard&op=statistics ( act=dashboard&op=statistics ) 
ERR: Db Error: Table 'tpblog.jq_personel' doesn't exist
SELECT COUNT(*) AS nc_count FROM `tpblog`.`jq_personel` LIMIT 1  
[2018-03-03 23:54:50] /admin/index.php?act=dashboard&op=statistics ( act=dashboard&op=statistics ) 
ERR: Db Error: Table 'tpblog.jq_driver' doesn't exist
SELECT COUNT(*) AS nc_count FROM `tpblog`.`jq_driver` LIMIT 1  
[2018-03-03 23:54:50] /admin/index.php?act=dashboard&op=statistics ( act=dashboard&op=statistics ) 
ERR: Db Error: Table 'tpblog.jq_order' doesn't exist
SELECT COUNT(*) AS nc_count FROM `tpblog`.`jq_order` LIMIT 1  
[2018-03-03 23:55:04] /admin/index.php?act=dashboard&op=statistics ( act=dashboard&op=statistics ) 
ERR: Db Error: Table 'tpblog.jq_company' doesn't exist
SELECT COUNT(*) AS nc_count FROM `tpblog`.`jq_company` LIMIT 1  
[2018-03-03 23:55:04] /admin/index.php?act=dashboard&op=statistics ( act=dashboard&op=statistics ) 
ERR: Db Error: Table 'tpblog.jq_personel' doesn't exist
SELECT COUNT(*) AS nc_count FROM `tpblog`.`jq_personel` LIMIT 1  
[2018-03-03 23:55:04] /admin/index.php?act=dashboard&op=statistics ( act=dashboard&op=statistics ) 
ERR: Db Error: Table 'tpblog.jq_driver' doesn't exist
SELECT COUNT(*) AS nc_count FROM `tpblog`.`jq_driver` LIMIT 1  
[2018-03-03 23:55:04] /admin/index.php?act=dashboard&op=statistics ( act=dashboard&op=statistics ) 
ERR: Db Error: Table 'tpblog.jq_order' doesn't exist
SELECT COUNT(*) AS nc_count FROM `tpblog`.`jq_order` LIMIT 1  
[2018-03-03 23:55:05] /home/ ( act=index&op=index ) 
ERR: Db Error: Table 'tpblog.jq_navigation' doesn't exist
SELECT * FROM `tpblog`.`jq_navigation` ORDER BY nav_sort LIMIT 30  
[2018-03-03 23:59:00] /admin/index.php?act=dashboard&op=statistics ( act=dashboard&op=statistics ) 
ERR: Db Error: Table 'tpblog.jq_company' doesn't exist
SELECT COUNT(*) AS nc_count FROM `tpblog`.`jq_company` LIMIT 1  
[2018-03-03 23:59:00] /admin/index.php?act=dashboard&op=statistics ( act=dashboard&op=statistics ) 
ERR: Db Error: Table 'tpblog.jq_personel' doesn't exist
SELECT COUNT(*) AS nc_count FROM `tpblog`.`jq_personel` LIMIT 1  
[2018-03-03 23:59:00] /admin/index.php?act=dashboard&op=statistics ( act=dashboard&op=statistics ) 
ERR: Db Error: Table 'tpblog.jq_driver' doesn't exist
SELECT COUNT(*) AS nc_count FROM `tpblog`.`jq_driver` LIMIT 1  
[2018-03-03 23:59:00] /admin/index.php?act=dashboard&op=statistics ( act=dashboard&op=statistics ) 
ERR: Db Error: Table 'tpblog.jq_order' doesn't exist
SELECT COUNT(*) AS nc_count FROM `tpblog`.`jq_order` LIMIT 1  
[2018-03-03 23:59:56] /admin/index.php?act=dashboard&op=statistics ( act=dashboard&op=statistics ) 
ERR: Db Error: Table 'tpblog.jq_company' doesn't exist
SELECT COUNT(*) AS nc_count FROM `tpblog`.`jq_company` LIMIT 1  
[2018-03-03 23:59:56] /admin/index.php?act=dashboard&op=statistics ( act=dashboard&op=statistics ) 
ERR: Db Error: Table 'tpblog.jq_personel' doesn't exist
SELECT COUNT(*) AS nc_count FROM `tpblog`.`jq_personel` LIMIT 1  
[2018-03-03 23:59:56] /admin/index.php?act=dashboard&op=statistics ( act=dashboard&op=statistics ) 
ERR: Db Error: Table 'tpblog.jq_driver' doesn't exist
SELECT COUNT(*) AS nc_count FROM `tpblog`.`jq_driver` LIMIT 1  
[2018-03-03 23:59:56] /admin/index.php?act=dashboard&op=statistics ( act=dashboard&op=statistics ) 
ERR: Db Error: Table 'tpblog.jq_order' doesn't exist
SELECT COUNT(*) AS nc_count FROM `tpblog`.`jq_order` LIMIT 1  
