[2018-02-26 20:58:54] /home/index.php ( act=index&op=index ) 
ERR: Db Error: Table 'tpblog.jq_navigation' doesn't exist
SELECT * FROM `tpblog`.`jq_navigation` ORDER BY nav_sort LIMIT 30  
[2018-02-26 20:58:59] http://www.tpblog.net/home/index.php ( act=index&op=index ) 
ERR: Db Error: Table 'tpblog.jq_navigation' doesn't exist
SELECT * FROM `tpblog`.`jq_navigation` ORDER BY nav_sort LIMIT 30  
[2018-02-26 20:58:59] /home/index.php ( act=index&op=index ) 
ERR: Db Error: Table 'tpblog.jq_navigation' doesn't exist
SELECT * FROM `tpblog`.`jq_navigation` ORDER BY nav_sort LIMIT 30  
[2018-02-26 21:02:21] /home/index.php ( act=index&op=index ) 
ERR: Db Error: Table 'tpblog.jq_navigation' doesn't exist
SELECT * FROM `tpblog`.`jq_navigation` ORDER BY nav_sort LIMIT 30  
[2018-02-26 21:05:44] /home/index.php?act=index&op=articleDetail&article_id=7 ( act=index&op=articledetail ) 
ERR: Db Error: Table 'tpblog.jq_navigation' doesn't exist
SELECT * FROM `tpblog`.`jq_navigation` ORDER BY nav_sort LIMIT 30  
[2018-02-26 21:05:50] /home/index.php ( act=index&op=index ) 
ERR: Db Error: Table 'tpblog.jq_navigation' doesn't exist
SELECT * FROM `tpblog`.`jq_navigation` ORDER BY nav_sort LIMIT 30  
[2018-02-26 21:06:03] /home/index.php?act=index&op=articleClass ( act=index&op=articleclass ) 
ERR: Db Error: Table 'tpblog.jq_navigation' doesn't exist
SELECT * FROM `tpblog`.`jq_navigation` ORDER BY nav_sort LIMIT 30  
[2018-02-26 21:06:04] /home/index.php ( act=index&op=index ) 
ERR: Db Error: Table 'tpblog.jq_navigation' doesn't exist
SELECT * FROM `tpblog`.`jq_navigation` ORDER BY nav_sort LIMIT 30  
[2018-02-26 21:06:07] /home/index.php?act=index&op=articleClass ( act=index&op=articleclass ) 
ERR: Db Error: Table 'tpblog.jq_navigation' doesn't exist
SELECT * FROM `tpblog`.`jq_navigation` ORDER BY nav_sort LIMIT 30  
[2018-02-26 21:06:08] /home/index.php ( act=index&op=index ) 
ERR: Db Error: Table 'tpblog.jq_navigation' doesn't exist
SELECT * FROM `tpblog`.`jq_navigation` ORDER BY nav_sort LIMIT 30  
[2018-02-26 21:06:10] /home/index.php?act=index&op=articleClass ( act=index&op=articleclass ) 
ERR: Db Error: Table 'tpblog.jq_navigation' doesn't exist
SELECT * FROM `tpblog`.`jq_navigation` ORDER BY nav_sort LIMIT 30  
[2018-02-26 21:06:20] /home/index.php?act=index&op=articleDetail&article_id=5 ( act=index&op=articledetail ) 
ERR: Db Error: Table 'tpblog.jq_navigation' doesn't exist
SELECT * FROM `tpblog`.`jq_navigation` ORDER BY nav_sort LIMIT 30  
[2018-02-26 21:06:25] /home/index.php?act=index&op=index ( act=index&op=index ) 
ERR: Db Error: Table 'tpblog.jq_navigation' doesn't exist
SELECT * FROM `tpblog`.`jq_navigation` ORDER BY nav_sort LIMIT 30  
[2018-02-26 21:06:27] /home/index.php?act=index&op=articleList ( act=index&op=articlelist ) 
ERR: Db Error: Table 'tpblog.jq_navigation' doesn't exist
SELECT * FROM `tpblog`.`jq_navigation` ORDER BY nav_sort LIMIT 30  
[2018-02-26 21:06:28] /home/index.php?act=index&op=index ( act=index&op=index ) 
ERR: Db Error: Table 'tpblog.jq_navigation' doesn't exist
SELECT * FROM `tpblog`.`jq_navigation` ORDER BY nav_sort LIMIT 30  
[2018-02-26 21:06:29] /home/index.php?act=index&op=articleList ( act=index&op=articlelist ) 
ERR: Db Error: Table 'tpblog.jq_navigation' doesn't exist
SELECT * FROM `tpblog`.`jq_navigation` ORDER BY nav_sort LIMIT 30  
[2018-02-26 21:06:29] /home/index.php?act=index&op=index ( act=index&op=index ) 
ERR: Db Error: Table 'tpblog.jq_navigation' doesn't exist
SELECT * FROM `tpblog`.`jq_navigation` ORDER BY nav_sort LIMIT 30  
[2018-02-26 21:06:30] /home/index.php?act=index&op=articleList ( act=index&op=articlelist ) 
ERR: Db Error: Table 'tpblog.jq_navigation' doesn't exist
SELECT * FROM `tpblog`.`jq_navigation` ORDER BY nav_sort LIMIT 30  
[2018-02-26 21:06:30] /home/index.php?act=index&op=index ( act=index&op=index ) 
ERR: Db Error: Table 'tpblog.jq_navigation' doesn't exist
SELECT * FROM `tpblog`.`jq_navigation` ORDER BY nav_sort LIMIT 30  
[2018-02-26 21:06:31] /home/index.php?act=index&op=articleList ( act=index&op=articlelist ) 
ERR: Db Error: Table 'tpblog.jq_navigation' doesn't exist
SELECT * FROM `tpblog`.`jq_navigation` ORDER BY nav_sort LIMIT 30  
[2018-02-26 22:24:43] /home/index.php?act=index&op=articleList ( act=index&op=articlelist ) 
ERR: Db Error: Table 'tpblog.jq_navigation' doesn't exist
SELECT * FROM `tpblog`.`jq_navigation` ORDER BY nav_sort LIMIT 30  
[2018-02-26 22:24:43] /home/index.php?act=index&op=articleClass ( act=index&op=articleclass ) 
ERR: Db Error: Table 'tpblog.jq_navigation' doesn't exist
SELECT * FROM `tpblog`.`jq_navigation` ORDER BY nav_sort LIMIT 30  
[2018-02-26 22:24:44] /home/index.php ( act=index&op=index ) 
ERR: Db Error: Table 'tpblog.jq_navigation' doesn't exist
SELECT * FROM `tpblog`.`jq_navigation` ORDER BY nav_sort LIMIT 30  
