[2018-03-04 00:02:40] /admin/index.php?act=dashboard&op=statistics ( act=dashboard&op=statistics ) 
ERR: Db Error: Table 'tpblog.jq_company' doesn't exist
SELECT COUNT(*) AS nc_count FROM `tpblog`.`jq_company` LIMIT 1  
[2018-03-04 00:02:40] /admin/index.php?act=dashboard&op=statistics ( act=dashboard&op=statistics ) 
ERR: Db Error: Table 'tpblog.jq_personel' doesn't exist
SELECT COUNT(*) AS nc_count FROM `tpblog`.`jq_personel` LIMIT 1  
[2018-03-04 00:02:40] /admin/index.php?act=dashboard&op=statistics ( act=dashboard&op=statistics ) 
ERR: Db Error: Table 'tpblog.jq_driver' doesn't exist
SELECT COUNT(*) AS nc_count FROM `tpblog`.`jq_driver` LIMIT 1  
[2018-03-04 00:02:40] /admin/index.php?act=dashboard&op=statistics ( act=dashboard&op=statistics ) 
ERR: Db Error: Table 'tpblog.jq_order' doesn't exist
SELECT COUNT(*) AS nc_count FROM `tpblog`.`jq_order` LIMIT 1  
[2018-03-04 00:02:45] /admin/index.php?act=dashboard&op=statistics ( act=dashboard&op=statistics ) 
ERR: Db Error: Table 'tpblog.jq_company' doesn't exist
SELECT COUNT(*) AS nc_count FROM `tpblog`.`jq_company` LIMIT 1  
[2018-03-04 00:02:45] /admin/index.php?act=dashboard&op=statistics ( act=dashboard&op=statistics ) 
ERR: Db Error: Table 'tpblog.jq_personel' doesn't exist
SELECT COUNT(*) AS nc_count FROM `tpblog`.`jq_personel` LIMIT 1  
[2018-03-04 00:02:45] /admin/index.php?act=dashboard&op=statistics ( act=dashboard&op=statistics ) 
ERR: Db Error: Table 'tpblog.jq_driver' doesn't exist
SELECT COUNT(*) AS nc_count FROM `tpblog`.`jq_driver` LIMIT 1  
[2018-03-04 00:02:45] /admin/index.php?act=dashboard&op=statistics ( act=dashboard&op=statistics ) 
ERR: Db Error: Table 'tpblog.jq_order' doesn't exist
SELECT COUNT(*) AS nc_count FROM `tpblog`.`jq_order` LIMIT 1  
[2018-03-04 00:02:53] /admin/index.php?act=dashboard&op=statistics ( act=dashboard&op=statistics ) 
ERR: Db Error: Table 'tpblog.jq_company' doesn't exist
SELECT COUNT(*) AS nc_count FROM `tpblog`.`jq_company` LIMIT 1  
[2018-03-04 00:02:53] /admin/index.php?act=dashboard&op=statistics ( act=dashboard&op=statistics ) 
ERR: Db Error: Table 'tpblog.jq_personel' doesn't exist
SELECT COUNT(*) AS nc_count FROM `tpblog`.`jq_personel` LIMIT 1  
[2018-03-04 00:02:53] /admin/index.php?act=dashboard&op=statistics ( act=dashboard&op=statistics ) 
ERR: Db Error: Table 'tpblog.jq_driver' doesn't exist
SELECT COUNT(*) AS nc_count FROM `tpblog`.`jq_driver` LIMIT 1  
[2018-03-04 00:02:53] /admin/index.php?act=dashboard&op=statistics ( act=dashboard&op=statistics ) 
ERR: Db Error: Table 'tpblog.jq_order' doesn't exist
SELECT COUNT(*) AS nc_count FROM `tpblog`.`jq_order` LIMIT 1  
[2018-03-04 00:15:35] /home/index.php?act=index&op=articleList ( act=index&op=articlelist ) 
ERR: Db Error: Table 'tpblog.jq_navigation' doesn't exist
SELECT * FROM `tpblog`.`jq_navigation` ORDER BY nav_sort LIMIT 30  
[2018-03-04 00:15:47] /home/index.php?act=index&op=articleClass ( act=index&op=articleclass ) 
ERR: Db Error: Table 'tpblog.jq_navigation' doesn't exist
SELECT * FROM `tpblog`.`jq_navigation` ORDER BY nav_sort LIMIT 30  
[2018-03-04 00:15:51] /home/index.php?act=index&op=articleDetail&article_id=1 ( act=index&op=articledetail ) 
ERR: Db Error: Table 'tpblog.jq_navigation' doesn't exist
SELECT * FROM `tpblog`.`jq_navigation` ORDER BY nav_sort LIMIT 30  
[2018-03-04 00:17:50] /home/index.php?act=index&op=articleDetail&article_id=1 ( act=index&op=articledetail ) 
ERR: Db Error: Table 'tpblog.jq_navigation' doesn't exist
SELECT * FROM `tpblog`.`jq_navigation` ORDER BY nav_sort LIMIT 30  
[2018-03-04 00:18:56] /home/index.php?act=index&op=articleDetail&article_id=1 ( act=index&op=articledetail ) 
ERR: Db Error: Table 'tpblog.jq_navigation' doesn't exist
SELECT * FROM `tpblog`.`jq_navigation` ORDER BY nav_sort LIMIT 30  
[2018-03-04 00:20:38] /home/index.php?act=index&op=articleDetail&article_id=1 ( act=index&op=articledetail ) 
ERR: Db Error: Table 'tpblog.jq_navigation' doesn't exist
SELECT * FROM `tpblog`.`jq_navigation` ORDER BY nav_sort LIMIT 30  
[2018-03-04 00:20:44] /home/index.php ( act=index&op=index ) 
ERR: Db Error: Table 'tpblog.jq_navigation' doesn't exist
SELECT * FROM `tpblog`.`jq_navigation` ORDER BY nav_sort LIMIT 30  
[2018-03-04 00:20:44] /home/index.php ( act=index&op=index ) 
ERR: Db Error: Table 'tpblog.jq_navigation' doesn't exist
SELECT * FROM `tpblog`.`jq_navigation` ORDER BY nav_sort LIMIT 30  
[2018-03-04 00:21:02] /home/index.php?act=index&op=index ( act=index&op=index ) 
ERR: Db Error: Table 'tpblog.jq_navigation' doesn't exist
SELECT * FROM `tpblog`.`jq_navigation` ORDER BY nav_sort LIMIT 30  
[2018-03-04 00:21:42] /home/index.php?act=index&op=articleDetail&article_id=1 ( act=index&op=articledetail ) 
ERR: Db Error: Table 'tpblog.jq_navigation' doesn't exist
SELECT * FROM `tpblog`.`jq_navigation` ORDER BY nav_sort LIMIT 30  
[2018-03-04 00:21:44] /home/index.php?act=index&op=index ( act=index&op=index ) 
ERR: Db Error: Table 'tpblog.jq_navigation' doesn't exist
SELECT * FROM `tpblog`.`jq_navigation` ORDER BY nav_sort LIMIT 30  
[2018-03-04 00:21:54] /home/index.php ( act=index&op=index ) 
ERR: Db Error: Table 'tpblog.jq_navigation' doesn't exist
SELECT * FROM `tpblog`.`jq_navigation` ORDER BY nav_sort LIMIT 30  
[2018-03-04 00:21:54] /home/index.php ( act=index&op=index ) 
ERR: Db Error: Table 'tpblog.jq_navigation' doesn't exist
SELECT * FROM `tpblog`.`jq_navigation` ORDER BY nav_sort LIMIT 30  
[2018-03-04 14:41:57] /home/index.php ( act=index&op=index ) 
ERR: Db Error: Table 'tpblog.jq_navigation' doesn't exist
SELECT * FROM `tpblog`.`jq_navigation` ORDER BY nav_sort LIMIT 30  
[2018-03-04 14:42:01] /home/index.php ( act=index&op=index ) 
ERR: Db Error: Table 'tpblog.jq_navigation' doesn't exist
SELECT * FROM `tpblog`.`jq_navigation` ORDER BY nav_sort LIMIT 30  
[2018-03-04 14:42:23] /admin/index.php?act=login&op=login ( act=login&op=login ) 
ERR: Db Error: Table 'tpblog.jq_lock' doesn't exist
SELECT * FROM `tpblog`.`jq_lock` WHERE ( pid = '213070643305' ) LIMIT 1  
[2018-03-04 14:42:23] /admin/index.php?act=login&op=login ( act=login&op=login ) 
ERR: Db Error: Table 'tpblog.jq_lock' doesn't exist
DELETE  FROM `tpblog`.`jq_lock` WHERE ( pid = '213070643305' )
[2018-03-04 14:42:23] /admin/index.php?act=login&op=login ( act=login&op=login ) 
ERR: Db Error: Table 'tpblog.jq_lock' doesn't exist
DELETE  FROM `tpblog`.`jq_lock` WHERE ( pid = '21307064335' )
[2018-03-04 14:43:15] /home/index.php ( act=index&op=index ) 
ERR: Db Error: Table 'tpblog.jq_navigation' doesn't exist
SELECT * FROM `tpblog`.`jq_navigation` ORDER BY nav_sort LIMIT 30  
[2018-03-04 14:44:40] /home/index.php ( act=index&op=index ) 
ERR: Db Error: Table 'tpblog.jq_navigation' doesn't exist
SELECT * FROM `tpblog`.`jq_navigation` ORDER BY nav_sort LIMIT 30  
[2018-03-04 14:45:17] /home/index.php ( act=index&op=index ) 
ERR: Db Error: Table 'tpblog.jq_navigation' doesn't exist
SELECT * FROM `tpblog`.`jq_navigation` ORDER BY nav_sort LIMIT 30  
[2018-03-04 14:52:16] /home/index.php ( act=index&op=index ) 
ERR: Db Error: Table 'tpblog.jq_navigation' doesn't exist
SELECT * FROM `tpblog`.`jq_navigation` ORDER BY nav_sort LIMIT 30  
[2018-03-04 14:57:59] /home/index.php ( act=index&op=index ) 
ERR: Db Error: Table 'tpblog.jq_navigation' doesn't exist
SELECT * FROM `tpblog`.`jq_navigation` ORDER BY nav_sort LIMIT 30  
[2018-03-04 14:59:27] /home/index.php?act=index&op=index ( act=index&op=index ) 
ERR: Db Error: Table 'tpblog.jq_navigation' doesn't exist
SELECT * FROM `tpblog`.`jq_navigation` ORDER BY nav_sort LIMIT 30  
[2018-03-04 14:59:31] /home/index.php?act=index&op=articleDetail&article_id=1 ( act=index&op=articledetail ) 
ERR: Db Error: Table 'tpblog.jq_navigation' doesn't exist
SELECT * FROM `tpblog`.`jq_navigation` ORDER BY nav_sort LIMIT 30  
[2018-03-04 14:59:56] /home/index.php?act=index&op=index ( act=index&op=index ) 
ERR: Db Error: Table 'tpblog.jq_navigation' doesn't exist
SELECT * FROM `tpblog`.`jq_navigation` ORDER BY nav_sort LIMIT 30  
[2018-03-04 15:00:04] /home/index.php ( act=index&op=index ) 
ERR: Db Error: Table 'tpblog.jq_navigation' doesn't exist
SELECT * FROM `tpblog`.`jq_navigation` ORDER BY nav_sort LIMIT 30  
[2018-03-04 15:00:04] /home/index.php ( act=index&op=index ) 
ERR: Db Error: Table 'tpblog.jq_navigation' doesn't exist
SELECT * FROM `tpblog`.`jq_navigation` ORDER BY nav_sort LIMIT 30  
[2018-03-04 15:00:12] /home/index.php?act=index&op=index ( act=index&op=index ) 
ERR: Db Error: Table 'tpblog.jq_navigation' doesn't exist
SELECT * FROM `tpblog`.`jq_navigation` ORDER BY nav_sort LIMIT 30  
[2018-03-04 15:01:40] /home/index.php?act=index&op=index ( act=index&op=index ) 
ERR: Db Error: Table 'tpblog.jq_navigation' doesn't exist
SELECT * FROM `tpblog`.`jq_navigation` ORDER BY nav_sort LIMIT 30  
[2018-03-04 15:01:43] /home/index.php?act=index&op=index ( act=index&op=index ) 
ERR: Db Error: Table 'tpblog.jq_navigation' doesn't exist
SELECT * FROM `tpblog`.`jq_navigation` ORDER BY nav_sort LIMIT 30  
[2018-03-04 15:01:44] /home/ ( act=index&op=index ) 
ERR: Db Error: Table 'tpblog.jq_navigation' doesn't exist
SELECT * FROM `tpblog`.`jq_navigation` ORDER BY nav_sort LIMIT 30  
[2018-03-04 15:01:46] /home/index.php?act=index&op=index ( act=index&op=index ) 
ERR: Db Error: Table 'tpblog.jq_navigation' doesn't exist
SELECT * FROM `tpblog`.`jq_navigation` ORDER BY nav_sort LIMIT 30  
[2018-03-04 15:01:48] /home/ ( act=index&op=index ) 
ERR: Db Error: Table 'tpblog.jq_navigation' doesn't exist
SELECT * FROM `tpblog`.`jq_navigation` ORDER BY nav_sort LIMIT 30  
