[2018-01-28 10:31:10] /home/index.php ( act=index&op=index ) 
ERR: Db Error: Table 'tpblog.jq_navigation' doesn't exist
SELECT * FROM `tpblog`.`jq_navigation` ORDER BY nav_sort LIMIT 30  
[2018-01-28 11:00:58] /home/index.php?act=index&op=index ( act=index&op=index ) 
ERR: Db Error: Table 'tpblog.jq_navigation' doesn't exist
SELECT * FROM `tpblog`.`jq_navigation` ORDER BY nav_sort LIMIT 30  
[2018-01-28 11:01:00] /home/index.php ( act=index&op=index ) 
ERR: Db Error: Table 'tpblog.jq_navigation' doesn't exist
SELECT * FROM `tpblog`.`jq_navigation` ORDER BY nav_sort LIMIT 30  
[2018-01-28 12:19:36] /home/index.php?act=index&op=index ( act=index&op=index ) 
ERR: Db Error: Table 'tpblog.jq_navigation' doesn't exist
SELECT * FROM `tpblog`.`jq_navigation` ORDER BY nav_sort LIMIT 30  
[2018-01-28 12:19:44] /home/index.php ( act=index&op=index ) 
ERR: Db Error: Table 'tpblog.jq_navigation' doesn't exist
SELECT * FROM `tpblog`.`jq_navigation` ORDER BY nav_sort LIMIT 30  
[2018-01-28 12:19:55] /home/index.php ( act=index&op=index ) 
ERR: Db Error: Table 'tpblog.jq_navigation' doesn't exist
SELECT * FROM `tpblog`.`jq_navigation` ORDER BY nav_sort LIMIT 30  
[2018-01-28 12:20:01] /home/index.php?act=index&op=companyNews&class_id=33 ( act=index&op=companynews ) 
ERR: Db Error: Table 'tpblog.jq_navigation' doesn't exist
SELECT * FROM `tpblog`.`jq_navigation` ORDER BY nav_sort LIMIT 30  
[2018-01-28 12:27:40] /home/index.php?act=index&op=companyNews&class_id=33 ( act=index&op=companynews ) 
ERR: Db Error: Table 'tpblog.jq_navigation' doesn't exist
SELECT * FROM `tpblog`.`jq_navigation` ORDER BY nav_sort LIMIT 30  
[2018-01-28 12:27:44] /home/index.php?act=index&op=companyNews&class_id=33 ( act=index&op=companynews ) 
ERR: Db Error: Table 'tpblog.jq_navigation' doesn't exist
SELECT * FROM `tpblog`.`jq_navigation` ORDER BY nav_sort LIMIT 30  
[2018-01-28 12:34:09] /home/index.php?act=index&op=companyNews&class_id=33 ( act=index&op=companynews ) 
ERR: Db Error: Table 'tpblog.jq_navigation' doesn't exist
SELECT * FROM `tpblog`.`jq_navigation` ORDER BY nav_sort LIMIT 30  
[2018-01-28 12:35:09] /home/index.php?act=index&op=companyNews&class_id=33 ( act=index&op=companynews ) 
ERR: Db Error: Table 'tpblog.jq_navigation' doesn't exist
SELECT * FROM `tpblog`.`jq_navigation` ORDER BY nav_sort LIMIT 30  
[2018-01-28 12:35:23] /home/index.php?act=index&op=companyNews&class_id=33 ( act=index&op=companynews ) 
ERR: Db Error: Table 'tpblog.jq_navigation' doesn't exist
SELECT * FROM `tpblog`.`jq_navigation` ORDER BY nav_sort LIMIT 30  
[2018-01-28 12:35:45] /home/index.php?act=index&op=companyNews&class_id=33 ( act=index&op=companynews ) 
ERR: Db Error: Table 'tpblog.jq_navigation' doesn't exist
SELECT * FROM `tpblog`.`jq_navigation` ORDER BY nav_sort LIMIT 30  
[2018-01-28 12:35:46] /home/index.php?act=index&op=companyNews&class_id=33 ( act=index&op=companynews ) 
ERR: Db Error: Table 'tpblog.jq_navigation' doesn't exist
SELECT * FROM `tpblog`.`jq_navigation` ORDER BY nav_sort LIMIT 30  
[2018-01-28 12:35:46] /home/index.php?act=index&op=companyNews&class_id=33 ( act=index&op=companynews ) 
ERR: Db Error: Table 'tpblog.jq_navigation' doesn't exist
SELECT * FROM `tpblog`.`jq_navigation` ORDER BY nav_sort LIMIT 30  
[2018-01-28 12:35:55] /home/index.php?act=index&op=companyNews&class_id=33 ( act=index&op=companynews ) 
ERR: Db Error: Table 'tpblog.jq_navigation' doesn't exist
SELECT * FROM `tpblog`.`jq_navigation` ORDER BY nav_sort LIMIT 30  
[2018-01-28 12:36:09] /home/index.php?act=index&op=companyNews&class_id=33 ( act=index&op=companynews ) 
ERR: Db Error: Table 'tpblog.jq_navigation' doesn't exist
SELECT * FROM `tpblog`.`jq_navigation` ORDER BY nav_sort LIMIT 30  
[2018-01-28 12:38:28] /home/index.php?act=index&op=companyNews&class_id=33 ( act=index&op=companynews ) 
ERR: Db Error: Table 'tpblog.jq_navigation' doesn't exist
SELECT * FROM `tpblog`.`jq_navigation` ORDER BY nav_sort LIMIT 30  
[2018-01-28 12:38:41] /home/index.php?act=index&op=companyNews&class_id=33 ( act=index&op=companynews ) 
ERR: Db Error: Table 'tpblog.jq_navigation' doesn't exist
SELECT * FROM `tpblog`.`jq_navigation` ORDER BY nav_sort LIMIT 30  
[2018-01-28 12:38:43] /home/index.php?act=index&op=companyNews&class_id=33 ( act=index&op=companynews ) 
ERR: Db Error: Table 'tpblog.jq_navigation' doesn't exist
SELECT * FROM `tpblog`.`jq_navigation` ORDER BY nav_sort LIMIT 30  
[2018-01-28 12:39:38] /home/index.php?act=index&op=companyNews&class_id=33 ( act=index&op=companynews ) 
ERR: Db Error: Table 'tpblog.jq_navigation' doesn't exist
SELECT * FROM `tpblog`.`jq_navigation` ORDER BY nav_sort LIMIT 30  
[2018-01-28 12:47:30] /home/index.php?act=index&op=companyNews&class_id=33 ( act=index&op=companynews ) 
ERR: Db Error: Table 'tpblog.jq_navigation' doesn't exist
SELECT * FROM `tpblog`.`jq_navigation` ORDER BY nav_sort LIMIT 30  
[2018-01-28 12:47:35] /home/index.php ( act=index&op=index ) 
ERR: Db Error: Table 'tpblog.jq_navigation' doesn't exist
SELECT * FROM `tpblog`.`jq_navigation` ORDER BY nav_sort LIMIT 30  
[2018-01-28 12:47:35] /home/index.php ( act=index&op=index ) 
ERR: Db Error: Table 'tpblog.jq_navigation' doesn't exist
SELECT * FROM `tpblog`.`jq_navigation` ORDER BY nav_sort LIMIT 30  
[2018-01-28 12:47:45] /home/index.php ( act=index&op=index ) 
ERR: Db Error: Table 'tpblog.jq_navigation' doesn't exist
SELECT * FROM `tpblog`.`jq_navigation` ORDER BY nav_sort LIMIT 30  
[2018-01-28 12:51:47] /home/index.php ( act=index&op=index ) 
ERR: Db Error: Table 'tpblog.jq_navigation' doesn't exist
SELECT * FROM `tpblog`.`jq_navigation` ORDER BY nav_sort LIMIT 30  
[2018-01-28 12:53:33] /home/index.php ( act=index&op=index ) 
ERR: Db Error: Table 'tpblog.jq_navigation' doesn't exist
SELECT * FROM `tpblog`.`jq_navigation` ORDER BY nav_sort LIMIT 30  
[2018-01-28 12:56:02] /home/index.php ( act=index&op=index ) 
ERR: Db Error: Table 'tpblog.jq_navigation' doesn't exist
SELECT * FROM `tpblog`.`jq_navigation` ORDER BY nav_sort LIMIT 30  
[2018-01-28 12:56:16] /home/index.php ( act=index&op=index ) 
ERR: Db Error: Table 'tpblog.jq_navigation' doesn't exist
SELECT * FROM `tpblog`.`jq_navigation` ORDER BY nav_sort LIMIT 30  
[2018-01-28 12:56:24] /home/index.php ( act=index&op=index ) 
ERR: Db Error: Table 'tpblog.jq_navigation' doesn't exist
SELECT * FROM `tpblog`.`jq_navigation` ORDER BY nav_sort LIMIT 30  
[2018-01-28 12:56:39] /home/index.php ( act=index&op=index ) 
ERR: Db Error: Table 'tpblog.jq_navigation' doesn't exist
SELECT * FROM `tpblog`.`jq_navigation` ORDER BY nav_sort LIMIT 30  
[2018-01-28 12:58:32] /home/index.php ( act=index&op=index ) 
ERR: Db Error: Table 'tpblog.jq_navigation' doesn't exist
SELECT * FROM `tpblog`.`jq_navigation` ORDER BY nav_sort LIMIT 30  
[2018-01-28 12:59:02] /home/index.php ( act=index&op=index ) 
ERR: Db Error: Table 'tpblog.jq_navigation' doesn't exist
SELECT * FROM `tpblog`.`jq_navigation` ORDER BY nav_sort LIMIT 30  
[2018-01-28 13:00:25] /home/index.php ( act=index&op=index ) 
ERR: Db Error: Table 'tpblog.jq_navigation' doesn't exist
SELECT * FROM `tpblog`.`jq_navigation` ORDER BY nav_sort LIMIT 30  
[2018-01-28 13:00:44] /home/index.php ( act=index&op=index ) 
ERR: Db Error: Table 'tpblog.jq_navigation' doesn't exist
SELECT * FROM `tpblog`.`jq_navigation` ORDER BY nav_sort LIMIT 30  
[2018-01-28 13:01:06] /home/index.php ( act=index&op=index ) 
ERR: Db Error: Table 'tpblog.jq_navigation' doesn't exist
SELECT * FROM `tpblog`.`jq_navigation` ORDER BY nav_sort LIMIT 30  
[2018-01-28 13:01:56] /home/index.php ( act=index&op=index ) 
ERR: Db Error: Table 'tpblog.jq_navigation' doesn't exist
SELECT * FROM `tpblog`.`jq_navigation` ORDER BY nav_sort LIMIT 30  
[2018-01-28 13:02:23] /home/index.php ( act=index&op=index ) 
ERR: Db Error: Table 'tpblog.jq_navigation' doesn't exist
SELECT * FROM `tpblog`.`jq_navigation` ORDER BY nav_sort LIMIT 30  
[2018-01-28 13:02:46] /home/index.php ( act=index&op=index ) 
ERR: Db Error: Table 'tpblog.jq_navigation' doesn't exist
SELECT * FROM `tpblog`.`jq_navigation` ORDER BY nav_sort LIMIT 30  
[2018-01-28 13:03:53] /home/index.php ( act=index&op=index ) 
ERR: Db Error: Table 'tpblog.jq_navigation' doesn't exist
SELECT * FROM `tpblog`.`jq_navigation` ORDER BY nav_sort LIMIT 30  
[2018-01-28 13:04:15] /home/index.php ( act=index&op=index ) 
ERR: Db Error: Table 'tpblog.jq_navigation' doesn't exist
SELECT * FROM `tpblog`.`jq_navigation` ORDER BY nav_sort LIMIT 30  
[2018-01-28 13:04:52] /home/index.php ( act=index&op=index ) 
ERR: Db Error: Table 'tpblog.jq_navigation' doesn't exist
SELECT * FROM `tpblog`.`jq_navigation` ORDER BY nav_sort LIMIT 30  
[2018-01-28 13:05:19] /home/index.php ( act=index&op=index ) 
ERR: Db Error: Table 'tpblog.jq_navigation' doesn't exist
SELECT * FROM `tpblog`.`jq_navigation` ORDER BY nav_sort LIMIT 30  
[2018-01-28 13:07:00] /home/index.php ( act=index&op=index ) 
ERR: Db Error: Table 'tpblog.jq_navigation' doesn't exist
SELECT * FROM `tpblog`.`jq_navigation` ORDER BY nav_sort LIMIT 30  
[2018-01-28 13:07:10] /home/index.php ( act=index&op=index ) 
ERR: Db Error: Table 'tpblog.jq_navigation' doesn't exist
SELECT * FROM `tpblog`.`jq_navigation` ORDER BY nav_sort LIMIT 30  
[2018-01-28 13:07:34] /home/index.php ( act=index&op=index ) 
ERR: Db Error: Table 'tpblog.jq_navigation' doesn't exist
SELECT * FROM `tpblog`.`jq_navigation` ORDER BY nav_sort LIMIT 30  
[2018-01-28 13:10:50] /home/index.php ( act=index&op=index ) 
ERR: Db Error: Table 'tpblog.jq_navigation' doesn't exist
SELECT * FROM `tpblog`.`jq_navigation` ORDER BY nav_sort LIMIT 30  
[2018-01-28 13:14:30] /home/index.php ( act=index&op=index ) 
ERR: Db Error: Table 'tpblog.jq_navigation' doesn't exist
SELECT * FROM `tpblog`.`jq_navigation` ORDER BY nav_sort LIMIT 30  
[2018-01-28 13:17:26] /home/index.php ( act=index&op=index ) 
ERR: Db Error: Table 'tpblog.jq_navigation' doesn't exist
SELECT * FROM `tpblog`.`jq_navigation` ORDER BY nav_sort LIMIT 30  
[2018-01-28 13:29:16] /home/index.php ( act=index&op=index ) 
ERR: Db Error: Table 'tpblog.jq_navigation' doesn't exist
SELECT * FROM `tpblog`.`jq_navigation` ORDER BY nav_sort LIMIT 30  
[2018-01-28 13:30:17] /home/index.php ( act=index&op=index ) 
ERR: Db Error: Table 'tpblog.jq_navigation' doesn't exist
SELECT * FROM `tpblog`.`jq_navigation` ORDER BY nav_sort LIMIT 30  
[2018-01-28 13:30:18] /home/index.php ( act=index&op=index ) 
ERR: Db Error: Table 'tpblog.jq_navigation' doesn't exist
SELECT * FROM `tpblog`.`jq_navigation` ORDER BY nav_sort LIMIT 30  
[2018-01-28 13:30:20] /home/index.php?act=index&op=companyNews&class_id=33 ( act=index&op=companynews ) 
ERR: Db Error: Table 'tpblog.jq_navigation' doesn't exist
SELECT * FROM `tpblog`.`jq_navigation` ORDER BY nav_sort LIMIT 30  
[2018-01-28 13:30:21] /home/index.php ( act=index&op=index ) 
ERR: Db Error: Table 'tpblog.jq_navigation' doesn't exist
SELECT * FROM `tpblog`.`jq_navigation` ORDER BY nav_sort LIMIT 30  
[2018-01-28 13:30:28] /home/index.php ( act=index&op=index ) 
ERR: Db Error: Table 'tpblog.jq_navigation' doesn't exist
SELECT * FROM `tpblog`.`jq_navigation` ORDER BY nav_sort LIMIT 30  
[2018-01-28 13:30:44] /home/index.php ( act=index&op=index ) 
ERR: Db Error: Table 'tpblog.jq_navigation' doesn't exist
SELECT * FROM `tpblog`.`jq_navigation` ORDER BY nav_sort LIMIT 30  
[2018-01-28 13:30:45] /home/index.php ( act=index&op=index ) 
ERR: Db Error: Table 'tpblog.jq_navigation' doesn't exist
SELECT * FROM `tpblog`.`jq_navigation` ORDER BY nav_sort LIMIT 30  
[2018-01-28 13:30:45] /home/index.php ( act=index&op=index ) 
ERR: Db Error: Table 'tpblog.jq_navigation' doesn't exist
SELECT * FROM `tpblog`.`jq_navigation` ORDER BY nav_sort LIMIT 30  
[2018-01-28 13:30:45] /home/index.php ( act=index&op=index ) 
ERR: Db Error: Table 'tpblog.jq_navigation' doesn't exist
SELECT * FROM `tpblog`.`jq_navigation` ORDER BY nav_sort LIMIT 30  
[2018-01-28 13:30:45] /home/index.php ( act=index&op=index ) 
ERR: Db Error: Table 'tpblog.jq_navigation' doesn't exist
SELECT * FROM `tpblog`.`jq_navigation` ORDER BY nav_sort LIMIT 30  
[2018-01-28 13:30:45] /home/index.php ( act=index&op=index ) 
ERR: Db Error: Table 'tpblog.jq_navigation' doesn't exist
SELECT * FROM `tpblog`.`jq_navigation` ORDER BY nav_sort LIMIT 30  
[2018-01-28 13:30:47] /home/index.php ( act=index&op=index ) 
ERR: Db Error: Table 'tpblog.jq_navigation' doesn't exist
SELECT * FROM `tpblog`.`jq_navigation` ORDER BY nav_sort LIMIT 30  
[2018-01-28 13:30:47] /home/index.php ( act=index&op=index ) 
ERR: Db Error: Table 'tpblog.jq_navigation' doesn't exist
SELECT * FROM `tpblog`.`jq_navigation` ORDER BY nav_sort LIMIT 30  
[2018-01-28 13:30:47] /home/index.php ( act=index&op=index ) 
ERR: Db Error: Table 'tpblog.jq_navigation' doesn't exist
SELECT * FROM `tpblog`.`jq_navigation` ORDER BY nav_sort LIMIT 30  
[2018-01-28 13:30:47] /home/index.php ( act=index&op=index ) 
ERR: Db Error: Table 'tpblog.jq_navigation' doesn't exist
SELECT * FROM `tpblog`.`jq_navigation` ORDER BY nav_sort LIMIT 30  
[2018-01-28 13:33:08] /home/index.php ( act=index&op=index ) 
ERR: Db Error: Table 'tpblog.jq_navigation' doesn't exist
SELECT * FROM `tpblog`.`jq_navigation` ORDER BY nav_sort LIMIT 30  
[2018-01-28 13:33:09] /home/index.php ( act=index&op=index ) 
ERR: Db Error: Table 'tpblog.jq_navigation' doesn't exist
SELECT * FROM `tpblog`.`jq_navigation` ORDER BY nav_sort LIMIT 30  
[2018-01-28 13:33:09] /home/index.php ( act=index&op=index ) 
ERR: Db Error: Table 'tpblog.jq_navigation' doesn't exist
SELECT * FROM `tpblog`.`jq_navigation` ORDER BY nav_sort LIMIT 30  
[2018-01-28 13:33:09] /home/index.php ( act=index&op=index ) 
ERR: Db Error: Table 'tpblog.jq_navigation' doesn't exist
SELECT * FROM `tpblog`.`jq_navigation` ORDER BY nav_sort LIMIT 30  
[2018-01-28 13:33:20] /home/index.php ( act=index&op=index ) 
ERR: Db Error: Table 'tpblog.jq_navigation' doesn't exist
SELECT * FROM `tpblog`.`jq_navigation` ORDER BY nav_sort LIMIT 30  
[2018-01-28 13:33:39] /home/index.php ( act=index&op=index ) 
ERR: Db Error: Table 'tpblog.jq_navigation' doesn't exist
SELECT * FROM `tpblog`.`jq_navigation` ORDER BY nav_sort LIMIT 30  
[2018-01-28 13:33:49] /home/index.php ( act=index&op=index ) 
ERR: Db Error: Table 'tpblog.jq_navigation' doesn't exist
SELECT * FROM `tpblog`.`jq_navigation` ORDER BY nav_sort LIMIT 30  
[2018-01-28 13:35:32] /home/index.php ( act=index&op=index ) 
ERR: Db Error: Table 'tpblog.jq_navigation' doesn't exist
SELECT * FROM `tpblog`.`jq_navigation` ORDER BY nav_sort LIMIT 30  
[2018-01-28 13:37:02] /home/index.php ( act=index&op=index ) 
ERR: Db Error: Table 'tpblog.jq_navigation' doesn't exist
SELECT * FROM `tpblog`.`jq_navigation` ORDER BY nav_sort LIMIT 30  
[2018-01-28 13:38:12] /home/index.php ( act=index&op=index ) 
ERR: Db Error: Table 'tpblog.jq_navigation' doesn't exist
SELECT * FROM `tpblog`.`jq_navigation` ORDER BY nav_sort LIMIT 30  
[2018-01-28 13:43:35] /home/index.php ( act=index&op=index ) 
ERR: Db Error: Table 'tpblog.jq_navigation' doesn't exist
SELECT * FROM `tpblog`.`jq_navigation` ORDER BY nav_sort LIMIT 30  
[2018-01-28 13:44:33] /home/index.php ( act=index&op=index ) 
ERR: Db Error: Table 'tpblog.jq_navigation' doesn't exist
SELECT * FROM `tpblog`.`jq_navigation` ORDER BY nav_sort LIMIT 30  
[2018-01-28 13:44:34] /home/index.php ( act=index&op=index ) 
ERR: Db Error: Table 'tpblog.jq_navigation' doesn't exist
SELECT * FROM `tpblog`.`jq_navigation` ORDER BY nav_sort LIMIT 30  
[2018-01-28 13:45:03] /home/index.php ( act=index&op=index ) 
ERR: Db Error: Table 'tpblog.jq_navigation' doesn't exist
SELECT * FROM `tpblog`.`jq_navigation` ORDER BY nav_sort LIMIT 30  
[2018-01-28 13:50:58] /home/index.php ( act=index&op=index ) 
ERR: Db Error: Table 'tpblog.jq_navigation' doesn't exist
SELECT * FROM `tpblog`.`jq_navigation` ORDER BY nav_sort LIMIT 30  
[2018-01-28 13:57:40] /home/index.php ( act=index&op=index ) 
ERR: Db Error: Table 'tpblog.jq_navigation' doesn't exist
SELECT * FROM `tpblog`.`jq_navigation` ORDER BY nav_sort LIMIT 30  
[2018-01-28 14:05:53] /home/index.php ( act=index&op=index ) 
ERR: Db Error: Table 'tpblog.jq_navigation' doesn't exist
SELECT * FROM `tpblog`.`jq_navigation` ORDER BY nav_sort LIMIT 30  
[2018-01-28 14:07:04] /home/index.php ( act=index&op=index ) 
ERR: Db Error: Table 'tpblog.jq_navigation' doesn't exist
SELECT * FROM `tpblog`.`jq_navigation` ORDER BY nav_sort LIMIT 30  
[2018-01-28 14:08:27] /home/index.php ( act=index&op=index ) 
ERR: Db Error: Table 'tpblog.jq_navigation' doesn't exist
SELECT * FROM `tpblog`.`jq_navigation` ORDER BY nav_sort LIMIT 30  
[2018-01-28 14:09:20] /home/index.php ( act=index&op=index ) 
ERR: Db Error: Table 'tpblog.jq_navigation' doesn't exist
SELECT * FROM `tpblog`.`jq_navigation` ORDER BY nav_sort LIMIT 30  
[2018-01-28 14:09:22] /home/index.php ( act=index&op=index ) 
ERR: Db Error: Table 'tpblog.jq_navigation' doesn't exist
SELECT * FROM `tpblog`.`jq_navigation` ORDER BY nav_sort LIMIT 30  
[2018-01-28 14:09:25] /home/index.php ( act=index&op=index ) 
ERR: Db Error: Table 'tpblog.jq_navigation' doesn't exist
SELECT * FROM `tpblog`.`jq_navigation` ORDER BY nav_sort LIMIT 30  
[2018-01-28 14:10:02] /home/index.php ( act=index&op=index ) 
ERR: Db Error: Table 'tpblog.jq_navigation' doesn't exist
SELECT * FROM `tpblog`.`jq_navigation` ORDER BY nav_sort LIMIT 30  
[2018-01-28 14:10:40] /home/index.php ( act=index&op=index ) 
ERR: Db Error: Table 'tpblog.jq_navigation' doesn't exist
SELECT * FROM `tpblog`.`jq_navigation` ORDER BY nav_sort LIMIT 30  
[2018-01-28 14:11:49] /home/index.php ( act=index&op=index ) 
ERR: Db Error: Table 'tpblog.jq_navigation' doesn't exist
SELECT * FROM `tpblog`.`jq_navigation` ORDER BY nav_sort LIMIT 30  
[2018-01-28 14:12:11] /home/index.php ( act=index&op=index ) 
ERR: Db Error: Table 'tpblog.jq_navigation' doesn't exist
SELECT * FROM `tpblog`.`jq_navigation` ORDER BY nav_sort LIMIT 30  
[2018-01-28 14:17:50] /home/index.php ( act=index&op=index ) 
ERR: Db Error: Table 'tpblog.jq_navigation' doesn't exist
SELECT * FROM `tpblog`.`jq_navigation` ORDER BY nav_sort LIMIT 30  
[2018-01-28 14:18:36] /home/index.php ( act=index&op=index ) 
ERR: Db Error: Table 'tpblog.jq_navigation' doesn't exist
SELECT * FROM `tpblog`.`jq_navigation` ORDER BY nav_sort LIMIT 30  
[2018-01-28 14:19:50] /home/index.php ( act=index&op=index ) 
ERR: Db Error: Table 'tpblog.jq_navigation' doesn't exist
SELECT * FROM `tpblog`.`jq_navigation` ORDER BY nav_sort LIMIT 30  
[2018-01-28 14:21:40] /home/index.php ( act=index&op=index ) 
ERR: Db Error: Table 'tpblog.jq_navigation' doesn't exist
SELECT * FROM `tpblog`.`jq_navigation` ORDER BY nav_sort LIMIT 30  
[2018-01-28 14:23:13] /home/index.php ( act=index&op=index ) 
ERR: Db Error: Table 'tpblog.jq_navigation' doesn't exist
SELECT * FROM `tpblog`.`jq_navigation` ORDER BY nav_sort LIMIT 30  
[2018-01-28 14:23:14] /home/index.php ( act=index&op=index ) 
ERR: Db Error: Table 'tpblog.jq_navigation' doesn't exist
SELECT * FROM `tpblog`.`jq_navigation` ORDER BY nav_sort LIMIT 30  
[2018-01-28 14:23:14] /home/index.php ( act=index&op=index ) 
ERR: Db Error: Table 'tpblog.jq_navigation' doesn't exist
SELECT * FROM `tpblog`.`jq_navigation` ORDER BY nav_sort LIMIT 30  
[2018-01-28 14:23:18] /home/index.php ( act=index&op=index ) 
ERR: Db Error: Table 'tpblog.jq_navigation' doesn't exist
SELECT * FROM `tpblog`.`jq_navigation` ORDER BY nav_sort LIMIT 30  
[2018-01-28 14:23:38] /home/index.php ( act=index&op=index ) 
ERR: Db Error: Table 'tpblog.jq_navigation' doesn't exist
SELECT * FROM `tpblog`.`jq_navigation` ORDER BY nav_sort LIMIT 30  
[2018-01-28 14:24:21] /home/index.php ( act=index&op=index ) 
ERR: Db Error: Table 'tpblog.jq_navigation' doesn't exist
SELECT * FROM `tpblog`.`jq_navigation` ORDER BY nav_sort LIMIT 30  
[2018-01-28 14:24:22] /home/index.php ( act=index&op=index ) 
ERR: Db Error: Table 'tpblog.jq_navigation' doesn't exist
SELECT * FROM `tpblog`.`jq_navigation` ORDER BY nav_sort LIMIT 30  
[2018-01-28 14:24:24] /home/index.php ( act=index&op=index ) 
ERR: Db Error: Table 'tpblog.jq_navigation' doesn't exist
SELECT * FROM `tpblog`.`jq_navigation` ORDER BY nav_sort LIMIT 30  
[2018-01-28 14:24:24] /home/index.php ( act=index&op=index ) 
ERR: Db Error: Table 'tpblog.jq_navigation' doesn't exist
SELECT * FROM `tpblog`.`jq_navigation` ORDER BY nav_sort LIMIT 30  
[2018-01-28 14:24:24] /home/index.php ( act=index&op=index ) 
ERR: Db Error: Table 'tpblog.jq_navigation' doesn't exist
SELECT * FROM `tpblog`.`jq_navigation` ORDER BY nav_sort LIMIT 30  
[2018-01-28 14:24:24] /home/index.php ( act=index&op=index ) 
ERR: Db Error: Table 'tpblog.jq_navigation' doesn't exist
SELECT * FROM `tpblog`.`jq_navigation` ORDER BY nav_sort LIMIT 30  
[2018-01-28 14:24:24] /home/index.php ( act=index&op=index ) 
ERR: Db Error: Table 'tpblog.jq_navigation' doesn't exist
SELECT * FROM `tpblog`.`jq_navigation` ORDER BY nav_sort LIMIT 30  
[2018-01-28 14:24:39] /home/index.php ( act=index&op=index ) 
ERR: Db Error: Table 'tpblog.jq_navigation' doesn't exist
SELECT * FROM `tpblog`.`jq_navigation` ORDER BY nav_sort LIMIT 30  
[2018-01-28 14:35:05] /home/index.php ( act=index&op=index ) 
ERR: Db Error: Table 'tpblog.jq_navigation' doesn't exist
SELECT * FROM `tpblog`.`jq_navigation` ORDER BY nav_sort LIMIT 30  
[2018-01-28 14:37:45] /home/index.php ( act=index&op=index ) 
ERR: Db Error: Table 'tpblog.jq_navigation' doesn't exist
SELECT * FROM `tpblog`.`jq_navigation` ORDER BY nav_sort LIMIT 30  
[2018-01-28 15:45:35] /home/index.php ( act=index&op=index ) 
ERR: Db Error: Table 'tpblog.jq_navigation' doesn't exist
SELECT * FROM `tpblog`.`jq_navigation` ORDER BY nav_sort LIMIT 30  
[2018-01-28 16:17:02] /home/index.php ( act=index&op=index ) 
ERR: Db Error: Table 'tpblog.jq_navigation' doesn't exist
SELECT * FROM `tpblog`.`jq_navigation` ORDER BY nav_sort LIMIT 30  
[2018-01-28 16:19:13] /home/index.php ( act=index&op=index ) 
ERR: Db Error: Table 'tpblog.jq_navigation' doesn't exist
SELECT * FROM `tpblog`.`jq_navigation` ORDER BY nav_sort LIMIT 30  
[2018-01-28 16:19:14] /home/index.php ( act=index&op=index ) 
ERR: Db Error: Table 'tpblog.jq_navigation' doesn't exist
SELECT * FROM `tpblog`.`jq_navigation` ORDER BY nav_sort LIMIT 30  
[2018-01-28 16:20:16] /home/index.php ( act=index&op=index ) 
ERR: Db Error: Table 'tpblog.jq_navigation' doesn't exist
SELECT * FROM `tpblog`.`jq_navigation` ORDER BY nav_sort LIMIT 30  
[2018-01-28 16:20:28] /home/index.php ( act=index&op=index ) 
ERR: Db Error: Table 'tpblog.jq_navigation' doesn't exist
SELECT * FROM `tpblog`.`jq_navigation` ORDER BY nav_sort LIMIT 30  
[2018-01-28 16:24:36] /home/index.php ( act=index&op=index ) 
ERR: Db Error: Table 'tpblog.jq_navigation' doesn't exist
SELECT * FROM `tpblog`.`jq_navigation` ORDER BY nav_sort LIMIT 30  
[2018-01-28 16:24:38] /home/index.php ( act=index&op=index ) 
ERR: Db Error: Table 'tpblog.jq_navigation' doesn't exist
SELECT * FROM `tpblog`.`jq_navigation` ORDER BY nav_sort LIMIT 30  
[2018-01-28 16:25:34] /home/index.php ( act=index&op=index ) 
ERR: Db Error: Table 'tpblog.jq_navigation' doesn't exist
SELECT * FROM `tpblog`.`jq_navigation` ORDER BY nav_sort LIMIT 30  
[2018-01-28 16:26:00] /home/index.php ( act=index&op=index ) 
ERR: Db Error: Table 'tpblog.jq_navigation' doesn't exist
SELECT * FROM `tpblog`.`jq_navigation` ORDER BY nav_sort LIMIT 30  
[2018-01-28 16:26:42] /home/index.php ( act=index&op=index ) 
ERR: Db Error: Table 'tpblog.jq_navigation' doesn't exist
SELECT * FROM `tpblog`.`jq_navigation` ORDER BY nav_sort LIMIT 30  
[2018-01-28 16:27:00] /home/index.php ( act=index&op=index ) 
ERR: Db Error: Table 'tpblog.jq_navigation' doesn't exist
SELECT * FROM `tpblog`.`jq_navigation` ORDER BY nav_sort LIMIT 30  
[2018-01-28 16:27:48] /home/index.php ( act=index&op=index ) 
ERR: Db Error: Table 'tpblog.jq_navigation' doesn't exist
SELECT * FROM `tpblog`.`jq_navigation` ORDER BY nav_sort LIMIT 30  
[2018-01-28 16:27:54] /home/index.php ( act=index&op=index ) 
ERR: Db Error: Table 'tpblog.jq_navigation' doesn't exist
SELECT * FROM `tpblog`.`jq_navigation` ORDER BY nav_sort LIMIT 30  
[2018-01-28 16:28:54] /home/index.php ( act=index&op=index ) 
ERR: Db Error: Table 'tpblog.jq_navigation' doesn't exist
SELECT * FROM `tpblog`.`jq_navigation` ORDER BY nav_sort LIMIT 30  
[2018-01-28 16:30:36] /home/index.php ( act=index&op=index ) 
ERR: Db Error: Table 'tpblog.jq_navigation' doesn't exist
SELECT * FROM `tpblog`.`jq_navigation` ORDER BY nav_sort LIMIT 30  
[2018-01-28 19:45:15] /home/index.php ( act=index&op=index ) 
ERR: Db Error: Table 'tpblog.jq_navigation' doesn't exist
SELECT * FROM `tpblog`.`jq_navigation` ORDER BY nav_sort LIMIT 30  
[2018-01-28 20:01:17] /home/index.php ( act=index&op=index ) 
ERR: Db Error: Table 'tpblog.jq_navigation' doesn't exist
SELECT * FROM `tpblog`.`jq_navigation` ORDER BY nav_sort LIMIT 30  
[2018-01-28 20:01:27] /home/index.php ( act=index&op=index ) 
ERR: Db Error: Table 'tpblog.jq_navigation' doesn't exist
SELECT * FROM `tpblog`.`jq_navigation` ORDER BY nav_sort LIMIT 30  
[2018-01-28 20:02:38] /home/index.php ( act=index&op=index ) 
ERR: Db Error: Table 'tpblog.jq_navigation' doesn't exist
SELECT * FROM `tpblog`.`jq_navigation` ORDER BY nav_sort LIMIT 30  
[2018-01-28 20:05:41] /home/index.php ( act=index&op=index ) 
ERR: Db Error: Table 'tpblog.jq_navigation' doesn't exist
SELECT * FROM `tpblog`.`jq_navigation` ORDER BY nav_sort LIMIT 30  
[2018-01-28 20:07:16] /home/index.php ( act=index&op=index ) 
ERR: Db Error: Table 'tpblog.jq_navigation' doesn't exist
SELECT * FROM `tpblog`.`jq_navigation` ORDER BY nav_sort LIMIT 30  
[2018-01-28 20:07:52] /home/index.php ( act=index&op=index ) 
ERR: Db Error: Table 'tpblog.jq_navigation' doesn't exist
SELECT * FROM `tpblog`.`jq_navigation` ORDER BY nav_sort LIMIT 30  
[2018-01-28 20:08:07] /home/index.php ( act=index&op=index ) 
ERR: Db Error: Table 'tpblog.jq_navigation' doesn't exist
SELECT * FROM `tpblog`.`jq_navigation` ORDER BY nav_sort LIMIT 30  
[2018-01-28 20:09:10] /home/index.php ( act=index&op=index ) 
ERR: Db Error: Table 'tpblog.jq_navigation' doesn't exist
SELECT * FROM `tpblog`.`jq_navigation` ORDER BY nav_sort LIMIT 30  
[2018-01-28 20:10:35] /home/index.php ( act=index&op=index ) 
ERR: Db Error: Table 'tpblog.jq_navigation' doesn't exist
SELECT * FROM `tpblog`.`jq_navigation` ORDER BY nav_sort LIMIT 30  
[2018-01-28 20:11:00] /home/index.php ( act=index&op=index ) 
ERR: Db Error: Table 'tpblog.jq_navigation' doesn't exist
SELECT * FROM `tpblog`.`jq_navigation` ORDER BY nav_sort LIMIT 30  
[2018-01-28 20:12:05] /home/index.php ( act=index&op=index ) 
ERR: Db Error: Table 'tpblog.jq_navigation' doesn't exist
SELECT * FROM `tpblog`.`jq_navigation` ORDER BY nav_sort LIMIT 30  
[2018-01-28 20:13:29] /home/index.php ( act=index&op=index ) 
ERR: Db Error: Table 'tpblog.jq_navigation' doesn't exist
SELECT * FROM `tpblog`.`jq_navigation` ORDER BY nav_sort LIMIT 30  
[2018-01-28 20:13:45] /home/index.php ( act=index&op=index ) 
ERR: Db Error: Table 'tpblog.jq_navigation' doesn't exist
SELECT * FROM `tpblog`.`jq_navigation` ORDER BY nav_sort LIMIT 30  
[2018-01-28 20:14:04] /home/index.php ( act=index&op=index ) 
ERR: Db Error: Table 'tpblog.jq_navigation' doesn't exist
SELECT * FROM `tpblog`.`jq_navigation` ORDER BY nav_sort LIMIT 30  
[2018-01-28 20:15:51] /home/index.php ( act=index&op=index ) 
ERR: Db Error: Table 'tpblog.jq_navigation' doesn't exist
SELECT * FROM `tpblog`.`jq_navigation` ORDER BY nav_sort LIMIT 30  
[2018-01-28 20:16:13] /home/index.php ( act=index&op=index ) 
ERR: Db Error: Table 'tpblog.jq_navigation' doesn't exist
SELECT * FROM `tpblog`.`jq_navigation` ORDER BY nav_sort LIMIT 30  
[2018-01-28 20:20:58] /home/index.php ( act=index&op=index ) 
ERR: Db Error: Table 'tpblog.jq_navigation' doesn't exist
SELECT * FROM `tpblog`.`jq_navigation` ORDER BY nav_sort LIMIT 30  
[2018-01-28 20:21:40] /home/index.php ( act=index&op=index ) 
ERR: Db Error: Table 'tpblog.jq_navigation' doesn't exist
SELECT * FROM `tpblog`.`jq_navigation` ORDER BY nav_sort LIMIT 30  
[2018-01-28 20:22:24] /home/index.php ( act=index&op=index ) 
ERR: Db Error: Table 'tpblog.jq_navigation' doesn't exist
SELECT * FROM `tpblog`.`jq_navigation` ORDER BY nav_sort LIMIT 30  
[2018-01-28 20:22:45] /home/index.php ( act=index&op=index ) 
ERR: Db Error: Table 'tpblog.jq_navigation' doesn't exist
SELECT * FROM `tpblog`.`jq_navigation` ORDER BY nav_sort LIMIT 30  
[2018-01-28 20:31:37] /home/index.php ( act=index&op=index ) 
ERR: Db Error: Table 'tpblog.jq_navigation' doesn't exist
SELECT * FROM `tpblog`.`jq_navigation` ORDER BY nav_sort LIMIT 30  
[2018-01-28 20:32:12] /home/index.php ( act=index&op=index ) 
ERR: Db Error: Table 'tpblog.jq_navigation' doesn't exist
SELECT * FROM `tpblog`.`jq_navigation` ORDER BY nav_sort LIMIT 30  
[2018-01-28 20:34:32] /home/index.php ( act=index&op=index ) 
ERR: Db Error: Table 'tpblog.jq_navigation' doesn't exist
SELECT * FROM `tpblog`.`jq_navigation` ORDER BY nav_sort LIMIT 30  
[2018-01-28 21:28:55] /home/index.php ( act=index&op=index ) 
ERR: Db Error: Table 'tpblog.jq_navigation' doesn't exist
SELECT * FROM `tpblog`.`jq_navigation` ORDER BY nav_sort LIMIT 30  
[2018-01-28 21:29:00] /home/index.php?act=index&op=articleModel ( act=index&op=articlemodel ) 
ERR: Db Error: Table 'tpblog.jq_navigation' doesn't exist
SELECT * FROM `tpblog`.`jq_navigation` ORDER BY nav_sort LIMIT 30  
[2018-01-28 21:29:05] /home/index.php?act=index&op=articleModel ( act=index&op=articlemodel ) 
ERR: Db Error: Table 'tpblog.jq_navigation' doesn't exist
SELECT * FROM `tpblog`.`jq_navigation` ORDER BY nav_sort LIMIT 30  
[2018-01-28 21:29:07] /home/index.php?act=index&op=articleModel ( act=index&op=articlemodel ) 
ERR: Db Error: Table 'tpblog.jq_navigation' doesn't exist
SELECT * FROM `tpblog`.`jq_navigation` ORDER BY nav_sort LIMIT 30  
[2018-01-28 21:29:09] /home/index.php?act=index&op=articleModel ( act=index&op=articlemodel ) 
ERR: Db Error: Table 'tpblog.jq_navigation' doesn't exist
SELECT * FROM `tpblog`.`jq_navigation` ORDER BY nav_sort LIMIT 30  
[2018-01-28 21:29:37] /home/index.php?act=index&op=articleModel ( act=index&op=articlemodel ) 
ERR: Db Error: Table 'tpblog.jq_navigation' doesn't exist
SELECT * FROM `tpblog`.`jq_navigation` ORDER BY nav_sort LIMIT 30  
[2018-01-28 21:29:42] /home/index.php?act=index&op=articleModel ( act=index&op=articlemodel ) 
ERR: Db Error: Table 'tpblog.jq_navigation' doesn't exist
SELECT * FROM `tpblog`.`jq_navigation` ORDER BY nav_sort LIMIT 30  
[2018-01-28 21:29:43] /home/index.php?act=index&op=articleModel ( act=index&op=articlemodel ) 
ERR: Db Error: Table 'tpblog.jq_navigation' doesn't exist
SELECT * FROM `tpblog`.`jq_navigation` ORDER BY nav_sort LIMIT 30  
[2018-01-28 21:29:44] /home/index.php?act=index&op=articleModel ( act=index&op=articlemodel ) 
ERR: Db Error: Table 'tpblog.jq_navigation' doesn't exist
SELECT * FROM `tpblog`.`jq_navigation` ORDER BY nav_sort LIMIT 30  
[2018-01-28 21:29:44] /home/index.php?act=index&op=articleModel ( act=index&op=articlemodel ) 
ERR: Db Error: Table 'tpblog.jq_navigation' doesn't exist
SELECT * FROM `tpblog`.`jq_navigation` ORDER BY nav_sort LIMIT 30  
[2018-01-28 21:29:45] /home/index.php?act=index&op=articleModel ( act=index&op=articlemodel ) 
ERR: Db Error: Table 'tpblog.jq_navigation' doesn't exist
SELECT * FROM `tpblog`.`jq_navigation` ORDER BY nav_sort LIMIT 30  
[2018-01-28 21:29:46] /home/index.php?act=index&op=articleModel ( act=index&op=articlemodel ) 
ERR: Db Error: Table 'tpblog.jq_navigation' doesn't exist
SELECT * FROM `tpblog`.`jq_navigation` ORDER BY nav_sort LIMIT 30  
[2018-01-28 21:32:04] /home/index.php?act=index&op=articleModel ( act=index&op=articlemodel ) 
ERR: Db Error: Table 'tpblog.jq_navigation' doesn't exist
SELECT * FROM `tpblog`.`jq_navigation` ORDER BY nav_sort LIMIT 30  
[2018-01-28 21:32:07] /home/index.php?act=index&op=articleModel ( act=index&op=articlemodel ) 
ERR: Db Error: Table 'tpblog.jq_navigation' doesn't exist
SELECT * FROM `tpblog`.`jq_navigation` ORDER BY nav_sort LIMIT 30  
[2018-01-28 21:32:11] /home/index.php?act=index&op=articleModel ( act=index&op=articlemodel ) 
ERR: Db Error: Table 'tpblog.jq_navigation' doesn't exist
SELECT * FROM `tpblog`.`jq_navigation` ORDER BY nav_sort LIMIT 30  
[2018-01-28 21:32:12] /home/index.php?act=index&op=articleModel ( act=index&op=articlemodel ) 
ERR: Db Error: Table 'tpblog.jq_navigation' doesn't exist
SELECT * FROM `tpblog`.`jq_navigation` ORDER BY nav_sort LIMIT 30  
[2018-01-28 21:32:31] /home/index.php?act=index&op=articleModel ( act=index&op=articlemodel ) 
ERR: Db Error: Table 'tpblog.jq_navigation' doesn't exist
SELECT * FROM `tpblog`.`jq_navigation` ORDER BY nav_sort LIMIT 30  
[2018-01-28 21:33:38] /home/index.php ( act=index&op=index ) 
ERR: Db Error: Table 'tpblog.jq_navigation' doesn't exist
SELECT * FROM `tpblog`.`jq_navigation` ORDER BY nav_sort LIMIT 30  
[2018-01-28 21:35:18] /home/index.php ( act=index&op=index ) 
ERR: Db Error: Table 'tpblog.jq_navigation' doesn't exist
SELECT * FROM `tpblog`.`jq_navigation` ORDER BY nav_sort LIMIT 30  
[2018-01-28 21:35:28] /home/index.php?act=index&op=articleModel ( act=index&op=articlemodel ) 
ERR: Db Error: Table 'tpblog.jq_navigation' doesn't exist
SELECT * FROM `tpblog`.`jq_navigation` ORDER BY nav_sort LIMIT 30  
[2018-01-28 21:37:27] /home/index.php?act=index&op=articleModel ( act=index&op=articlemodel ) 
ERR: Db Error: Table 'tpblog.jq_navigation' doesn't exist
SELECT * FROM `tpblog`.`jq_navigation` ORDER BY nav_sort LIMIT 30  
[2018-01-28 21:37:28] /home/index.php?act=index&op=articleModel ( act=index&op=articlemodel ) 
ERR: Db Error: Table 'tpblog.jq_navigation' doesn't exist
SELECT * FROM `tpblog`.`jq_navigation` ORDER BY nav_sort LIMIT 30  
[2018-01-28 21:37:31] /home/index.php?act=index&op=articleList ( act=index&op=articlelist ) 
ERR: Db Error: Table 'tpblog.jq_navigation' doesn't exist
SELECT * FROM `tpblog`.`jq_navigation` ORDER BY nav_sort LIMIT 30  
[2018-01-28 21:37:34] /home/index.php?act=index&op=articleList ( act=index&op=articlelist ) 
ERR: Db Error: Table 'tpblog.jq_navigation' doesn't exist
SELECT * FROM `tpblog`.`jq_navigation` ORDER BY nav_sort LIMIT 30  
[2018-01-28 21:37:36] /home/index.php?act=index&op=articleList ( act=index&op=articlelist ) 
ERR: Db Error: Table 'tpblog.jq_navigation' doesn't exist
SELECT * FROM `tpblog`.`jq_navigation` ORDER BY nav_sort LIMIT 30  
[2018-01-28 21:39:25] /home/index.php?act=index&op=articleList ( act=index&op=articlelist ) 
ERR: Db Error: Table 'tpblog.jq_navigation' doesn't exist
SELECT * FROM `tpblog`.`jq_navigation` ORDER BY nav_sort LIMIT 30  
[2018-01-28 21:40:35] /home/index.php?act=index&op=articleList ( act=index&op=articlelist ) 
ERR: Db Error: Table 'tpblog.jq_navigation' doesn't exist
SELECT * FROM `tpblog`.`jq_navigation` ORDER BY nav_sort LIMIT 30  
[2018-01-28 21:40:37] /home/index.php?act=index&op=articleList ( act=index&op=articlelist ) 
ERR: Db Error: Table 'tpblog.jq_navigation' doesn't exist
SELECT * FROM `tpblog`.`jq_navigation` ORDER BY nav_sort LIMIT 30  
[2018-01-28 21:40:38] /home/index.php?act=index&op=articleList ( act=index&op=articlelist ) 
ERR: Db Error: Table 'tpblog.jq_navigation' doesn't exist
SELECT * FROM `tpblog`.`jq_navigation` ORDER BY nav_sort LIMIT 30  
[2018-01-28 21:40:39] /home/index.php?act=index&op=articleList ( act=index&op=articlelist ) 
ERR: Db Error: Table 'tpblog.jq_navigation' doesn't exist
SELECT * FROM `tpblog`.`jq_navigation` ORDER BY nav_sort LIMIT 30  
[2018-01-28 21:40:40] /home/index.php?act=index&op=articleList ( act=index&op=articlelist ) 
ERR: Db Error: Table 'tpblog.jq_navigation' doesn't exist
SELECT * FROM `tpblog`.`jq_navigation` ORDER BY nav_sort LIMIT 30  
[2018-01-28 21:40:40] /home/index.php?act=index&op=articleList ( act=index&op=articlelist ) 
ERR: Db Error: Table 'tpblog.jq_navigation' doesn't exist
SELECT * FROM `tpblog`.`jq_navigation` ORDER BY nav_sort LIMIT 30  
[2018-01-28 21:40:41] /home/index.php?act=index&op=articleList ( act=index&op=articlelist ) 
ERR: Db Error: Table 'tpblog.jq_navigation' doesn't exist
SELECT * FROM `tpblog`.`jq_navigation` ORDER BY nav_sort LIMIT 30  
[2018-01-28 21:46:09] /home/index.php?act=index&op=articleList ( act=index&op=articlelist ) 
ERR: Db Error: Table 'tpblog.jq_navigation' doesn't exist
SELECT * FROM `tpblog`.`jq_navigation` ORDER BY nav_sort LIMIT 30  
[2018-01-28 21:47:03] /home/index.php ( act=index&op=index ) 
ERR: Db Error: Table 'tpblog.jq_navigation' doesn't exist
SELECT * FROM `tpblog`.`jq_navigation` ORDER BY nav_sort LIMIT 30  
[2018-01-28 21:47:10] /admin/index.php?act=login&op=login ( act=login&op=login ) 
ERR: Db Error: Table 'tpblog.jq_lock' doesn't exist
SELECT * FROM `tpblog`.`jq_lock` WHERE ( pid = '213070643305' ) LIMIT 1  
[2018-01-28 21:47:11] /admin/index.php?act=login&op=login ( act=login&op=login ) 
ERR: Db Error: Table 'tpblog.jq_lock' doesn't exist
DELETE  FROM `tpblog`.`jq_lock` WHERE ( pid = '213070643305' )
[2018-01-28 21:47:11] /admin/index.php?act=login&op=login ( act=login&op=login ) 
ERR: Db Error: Table 'tpblog.jq_lock' doesn't exist
DELETE  FROM `tpblog`.`jq_lock` WHERE ( pid = '21307064335' )
[2018-01-28 21:51:11] /home/index.php?act=index&op=articleList ( act=index&op=articlelist ) 
ERR: Db Error: Table 'tpblog.jq_navigation' doesn't exist
SELECT * FROM `tpblog`.`jq_navigation` ORDER BY nav_sort LIMIT 30  
[2018-01-28 21:51:15] /home/index.php?act=index&op=articleList ( act=index&op=articlelist ) 
ERR: Db Error: Table 'tpblog.jq_navigation' doesn't exist
SELECT * FROM `tpblog`.`jq_navigation` ORDER BY nav_sort LIMIT 30  
[2018-01-28 22:02:46] /home/index.php?act=index&op=articleList ( act=index&op=articlelist ) 
ERR: Db Error: Table 'tpblog.jq_navigation' doesn't exist
SELECT * FROM `tpblog`.`jq_navigation` ORDER BY nav_sort LIMIT 30  
[2018-01-28 22:02:49] /home/index.php?act=index&op=articleList ( act=index&op=articlelist ) 
ERR: Db Error: Table 'tpblog.jq_navigation' doesn't exist
SELECT * FROM `tpblog`.`jq_navigation` ORDER BY nav_sort LIMIT 30  
[2018-01-28 22:02:50] /home/index.php?act=index&op=articleList ( act=index&op=articlelist ) 
ERR: Db Error: Table 'tpblog.jq_navigation' doesn't exist
SELECT * FROM `tpblog`.`jq_navigation` ORDER BY nav_sort LIMIT 30  
[2018-01-28 22:02:51] /home/index.php?act=index&op=articleList ( act=index&op=articlelist ) 
ERR: Db Error: Table 'tpblog.jq_navigation' doesn't exist
SELECT * FROM `tpblog`.`jq_navigation` ORDER BY nav_sort LIMIT 30  
[2018-01-28 22:02:52] /home/index.php?act=index&op=articleList ( act=index&op=articlelist ) 
ERR: Db Error: Table 'tpblog.jq_navigation' doesn't exist
SELECT * FROM `tpblog`.`jq_navigation` ORDER BY nav_sort LIMIT 30  
[2018-01-28 22:02:53] /home/index.php?act=index&op=articleList ( act=index&op=articlelist ) 
ERR: Db Error: Table 'tpblog.jq_navigation' doesn't exist
SELECT * FROM `tpblog`.`jq_navigation` ORDER BY nav_sort LIMIT 30  
[2018-01-28 22:02:54] /home/index.php?act=index&op=articleList ( act=index&op=articlelist ) 
ERR: Db Error: Table 'tpblog.jq_navigation' doesn't exist
SELECT * FROM `tpblog`.`jq_navigation` ORDER BY nav_sort LIMIT 30  
[2018-01-28 22:02:54] /home/index.php?act=index&op=articleList ( act=index&op=articlelist ) 
ERR: Db Error: Table 'tpblog.jq_navigation' doesn't exist
SELECT * FROM `tpblog`.`jq_navigation` ORDER BY nav_sort LIMIT 30  
[2018-01-28 22:02:55] /home/index.php?act=index&op=articleList ( act=index&op=articlelist ) 
ERR: Db Error: Table 'tpblog.jq_navigation' doesn't exist
SELECT * FROM `tpblog`.`jq_navigation` ORDER BY nav_sort LIMIT 30  
[2018-01-28 22:02:55] /home/index.php?act=index&op=articleList ( act=index&op=articlelist ) 
ERR: Db Error: Table 'tpblog.jq_navigation' doesn't exist
SELECT * FROM `tpblog`.`jq_navigation` ORDER BY nav_sort LIMIT 30  
[2018-01-28 22:02:56] /home/index.php?act=index&op=articleList ( act=index&op=articlelist ) 
ERR: Db Error: Table 'tpblog.jq_navigation' doesn't exist
SELECT * FROM `tpblog`.`jq_navigation` ORDER BY nav_sort LIMIT 30  
[2018-01-28 22:02:57] /home/index.php?act=index&op=articleList ( act=index&op=articlelist ) 
ERR: Db Error: Table 'tpblog.jq_navigation' doesn't exist
SELECT * FROM `tpblog`.`jq_navigation` ORDER BY nav_sort LIMIT 30  
[2018-01-28 22:02:57] /home/index.php?act=index&op=articleList ( act=index&op=articlelist ) 
ERR: Db Error: Table 'tpblog.jq_navigation' doesn't exist
SELECT * FROM `tpblog`.`jq_navigation` ORDER BY nav_sort LIMIT 30  
[2018-01-28 22:02:58] /home/index.php?act=index&op=articleList ( act=index&op=articlelist ) 
ERR: Db Error: Table 'tpblog.jq_navigation' doesn't exist
SELECT * FROM `tpblog`.`jq_navigation` ORDER BY nav_sort LIMIT 30  
[2018-01-28 22:02:58] /home/index.php?act=index&op=articleList ( act=index&op=articlelist ) 
ERR: Db Error: Table 'tpblog.jq_navigation' doesn't exist
SELECT * FROM `tpblog`.`jq_navigation` ORDER BY nav_sort LIMIT 30  
[2018-01-28 22:02:59] /home/index.php?act=index&op=articleList ( act=index&op=articlelist ) 
ERR: Db Error: Table 'tpblog.jq_navigation' doesn't exist
SELECT * FROM `tpblog`.`jq_navigation` ORDER BY nav_sort LIMIT 30  
[2018-01-28 22:03:00] /home/index.php?act=index&op=articleList ( act=index&op=articlelist ) 
ERR: Db Error: Table 'tpblog.jq_navigation' doesn't exist
SELECT * FROM `tpblog`.`jq_navigation` ORDER BY nav_sort LIMIT 30  
[2018-01-28 22:03:01] /home/index.php?act=index&op=articleList ( act=index&op=articlelist ) 
ERR: Db Error: Table 'tpblog.jq_navigation' doesn't exist
SELECT * FROM `tpblog`.`jq_navigation` ORDER BY nav_sort LIMIT 30  
[2018-01-28 22:03:01] /home/index.php?act=index&op=articleList ( act=index&op=articlelist ) 
ERR: Db Error: Table 'tpblog.jq_navigation' doesn't exist
SELECT * FROM `tpblog`.`jq_navigation` ORDER BY nav_sort LIMIT 30  
[2018-01-28 22:05:52] /home/index.php?act=index&op=articleList ( act=index&op=articlelist ) 
ERR: Db Error: Table 'tpblog.jq_navigation' doesn't exist
SELECT * FROM `tpblog`.`jq_navigation` ORDER BY nav_sort LIMIT 30  
[2018-01-28 22:05:54] /home/index.php?act=index&op=articleList ( act=index&op=articlelist ) 
ERR: Db Error: Table 'tpblog.jq_navigation' doesn't exist
SELECT * FROM `tpblog`.`jq_navigation` ORDER BY nav_sort LIMIT 30  
[2018-01-28 22:05:56] /home/index.php?act=index&op=articleList ( act=index&op=articlelist ) 
ERR: Db Error: Table 'tpblog.jq_navigation' doesn't exist
SELECT * FROM `tpblog`.`jq_navigation` ORDER BY nav_sort LIMIT 30  
[2018-01-28 22:05:59] /home/index.php?act=index&op=articleList ( act=index&op=articlelist ) 
ERR: Db Error: Table 'tpblog.jq_navigation' doesn't exist
SELECT * FROM `tpblog`.`jq_navigation` ORDER BY nav_sort LIMIT 30  
[2018-01-28 22:06:00] /home/index.php?act=index&op=articleList ( act=index&op=articlelist ) 
ERR: Db Error: Table 'tpblog.jq_navigation' doesn't exist
SELECT * FROM `tpblog`.`jq_navigation` ORDER BY nav_sort LIMIT 30  
[2018-01-28 22:06:01] /home/index.php?act=index&op=articleList ( act=index&op=articlelist ) 
ERR: Db Error: Table 'tpblog.jq_navigation' doesn't exist
SELECT * FROM `tpblog`.`jq_navigation` ORDER BY nav_sort LIMIT 30  
[2018-01-28 22:06:55] /home/index.php?act=index&op=articleList ( act=index&op=articlelist ) 
ERR: Db Error: Table 'tpblog.jq_navigation' doesn't exist
SELECT * FROM `tpblog`.`jq_navigation` ORDER BY nav_sort LIMIT 30  
[2018-01-28 22:06:58] /home/index.php?act=index&op=articleList ( act=index&op=articlelist ) 
ERR: Db Error: Table 'tpblog.jq_navigation' doesn't exist
SELECT * FROM `tpblog`.`jq_navigation` ORDER BY nav_sort LIMIT 30  
[2018-01-28 22:16:45] /home/index.php?act=index&op=articleList ( act=index&op=articlelist ) 
ERR: Db Error: Table 'tpblog.jq_navigation' doesn't exist
SELECT * FROM `tpblog`.`jq_navigation` ORDER BY nav_sort LIMIT 30  
[2018-01-28 22:16:52] /home/index.php?act=index&op=articleList ( act=index&op=articlelist ) 
ERR: Db Error: Table 'tpblog.jq_navigation' doesn't exist
SELECT * FROM `tpblog`.`jq_navigation` ORDER BY nav_sort LIMIT 30  
[2018-01-28 22:17:03] /home/index.php?act=index&op=articleList ( act=index&op=articlelist ) 
ERR: Db Error: Table 'tpblog.jq_navigation' doesn't exist
SELECT * FROM `tpblog`.`jq_navigation` ORDER BY nav_sort LIMIT 30  
[2018-01-28 22:17:24] /home/index.php?act=index&op=articleList ( act=index&op=articlelist ) 
ERR: Db Error: Table 'tpblog.jq_navigation' doesn't exist
SELECT * FROM `tpblog`.`jq_navigation` ORDER BY nav_sort LIMIT 30  
[2018-01-28 22:17:25] /home/index.php?act=index&op=articleList ( act=index&op=articlelist ) 
ERR: Db Error: Table 'tpblog.jq_navigation' doesn't exist
SELECT * FROM `tpblog`.`jq_navigation` ORDER BY nav_sort LIMIT 30  
[2018-01-28 22:17:25] /home/index.php?act=index&op=articleList ( act=index&op=articlelist ) 
ERR: Db Error: Table 'tpblog.jq_navigation' doesn't exist
SELECT * FROM `tpblog`.`jq_navigation` ORDER BY nav_sort LIMIT 30  
[2018-01-28 22:17:45] /home/index.php?act=index&op=articleList ( act=index&op=articlelist ) 
ERR: Db Error: Table 'tpblog.jq_navigation' doesn't exist
SELECT * FROM `tpblog`.`jq_navigation` ORDER BY nav_sort LIMIT 30  
[2018-01-28 22:17:47] /home/index.php?act=index&op=articleList ( act=index&op=articlelist ) 
ERR: Db Error: Table 'tpblog.jq_navigation' doesn't exist
SELECT * FROM `tpblog`.`jq_navigation` ORDER BY nav_sort LIMIT 30  
[2018-01-28 22:19:37] /home/index.php?act=index&op=articleList ( act=index&op=articlelist ) 
ERR: Db Error: Table 'tpblog.jq_navigation' doesn't exist
SELECT * FROM `tpblog`.`jq_navigation` ORDER BY nav_sort LIMIT 30  
[2018-01-28 22:19:40] /home/index.php?act=index&op=articleList ( act=index&op=articlelist ) 
ERR: Db Error: Table 'tpblog.jq_navigation' doesn't exist
SELECT * FROM `tpblog`.`jq_navigation` ORDER BY nav_sort LIMIT 30  
[2018-01-28 22:19:44] /home/index.php?act=index&op=articleList ( act=index&op=articlelist ) 
ERR: Db Error: Table 'tpblog.jq_navigation' doesn't exist
SELECT * FROM `tpblog`.`jq_navigation` ORDER BY nav_sort LIMIT 30  
[2018-01-28 22:19:45] /home/index.php?act=index&op=articleList ( act=index&op=articlelist ) 
ERR: Db Error: Table 'tpblog.jq_navigation' doesn't exist
SELECT * FROM `tpblog`.`jq_navigation` ORDER BY nav_sort LIMIT 30  
[2018-01-28 22:19:46] /home/index.php?act=index&op=articleList ( act=index&op=articlelist ) 
ERR: Db Error: Table 'tpblog.jq_navigation' doesn't exist
SELECT * FROM `tpblog`.`jq_navigation` ORDER BY nav_sort LIMIT 30  
[2018-01-28 22:20:15] /home/index.php?act=index&op=articleList ( act=index&op=articlelist ) 
ERR: Db Error: Table 'tpblog.jq_navigation' doesn't exist
SELECT * FROM `tpblog`.`jq_navigation` ORDER BY nav_sort LIMIT 30  
[2018-01-28 22:21:45] /home/index.php?act=index&op=articleList ( act=index&op=articlelist ) 
ERR: Db Error: Table 'tpblog.jq_navigation' doesn't exist
SELECT * FROM `tpblog`.`jq_navigation` ORDER BY nav_sort LIMIT 30  
[2018-01-28 22:22:15] /home/index.php?act=index&op=articleList ( act=index&op=articlelist ) 
ERR: Db Error: Table 'tpblog.jq_navigation' doesn't exist
SELECT * FROM `tpblog`.`jq_navigation` ORDER BY nav_sort LIMIT 30  
[2018-01-28 22:22:20] /home/index.php?act=index&op=articleList ( act=index&op=articlelist ) 
ERR: Db Error: Table 'tpblog.jq_navigation' doesn't exist
SELECT * FROM `tpblog`.`jq_navigation` ORDER BY nav_sort LIMIT 30  
[2018-01-28 22:26:43] /home/index.php?act=index&op=articleList ( act=index&op=articlelist ) 
ERR: Db Error: Table 'tpblog.jq_navigation' doesn't exist
SELECT * FROM `tpblog`.`jq_navigation` ORDER BY nav_sort LIMIT 30  
[2018-01-28 22:26:46] /home/index.php?act=index&op=articleList ( act=index&op=articlelist ) 
ERR: Db Error: Table 'tpblog.jq_navigation' doesn't exist
SELECT * FROM `tpblog`.`jq_navigation` ORDER BY nav_sort LIMIT 30  
[2018-01-28 22:26:48] /home/index.php?act=index&op=articleList ( act=index&op=articlelist ) 
ERR: Db Error: Table 'tpblog.jq_navigation' doesn't exist
SELECT * FROM `tpblog`.`jq_navigation` ORDER BY nav_sort LIMIT 30  
[2018-01-28 22:26:51] /home/index.php?act=index&op=articleList ( act=index&op=articlelist ) 
ERR: Db Error: Table 'tpblog.jq_navigation' doesn't exist
SELECT * FROM `tpblog`.`jq_navigation` ORDER BY nav_sort LIMIT 30  
[2018-01-28 22:26:54] /home/index.php?act=index&op=articleList ( act=index&op=articlelist ) 
ERR: Db Error: Table 'tpblog.jq_navigation' doesn't exist
SELECT * FROM `tpblog`.`jq_navigation` ORDER BY nav_sort LIMIT 30  
[2018-01-28 22:26:55] /home/index.php?act=index&op=articleList ( act=index&op=articlelist ) 
ERR: Db Error: Table 'tpblog.jq_navigation' doesn't exist
SELECT * FROM `tpblog`.`jq_navigation` ORDER BY nav_sort LIMIT 30  
[2018-01-28 22:26:56] /home/index.php?act=index&op=articleList ( act=index&op=articlelist ) 
ERR: Db Error: Table 'tpblog.jq_navigation' doesn't exist
SELECT * FROM `tpblog`.`jq_navigation` ORDER BY nav_sort LIMIT 30  
[2018-01-28 22:26:56] /home/index.php?act=index&op=articleList ( act=index&op=articlelist ) 
ERR: Db Error: Table 'tpblog.jq_navigation' doesn't exist
SELECT * FROM `tpblog`.`jq_navigation` ORDER BY nav_sort LIMIT 30  
[2018-01-28 22:26:57] /home/index.php?act=index&op=articleList ( act=index&op=articlelist ) 
ERR: Db Error: Table 'tpblog.jq_navigation' doesn't exist
SELECT * FROM `tpblog`.`jq_navigation` ORDER BY nav_sort LIMIT 30  
[2018-01-28 22:26:58] /home/index.php?act=index&op=articleList ( act=index&op=articlelist ) 
ERR: Db Error: Table 'tpblog.jq_navigation' doesn't exist
SELECT * FROM `tpblog`.`jq_navigation` ORDER BY nav_sort LIMIT 30  
[2018-01-28 22:26:58] /home/index.php?act=index&op=articleList ( act=index&op=articlelist ) 
ERR: Db Error: Table 'tpblog.jq_navigation' doesn't exist
SELECT * FROM `tpblog`.`jq_navigation` ORDER BY nav_sort LIMIT 30  
[2018-01-28 22:26:59] /home/index.php?act=index&op=articleList ( act=index&op=articlelist ) 
ERR: Db Error: Table 'tpblog.jq_navigation' doesn't exist
SELECT * FROM `tpblog`.`jq_navigation` ORDER BY nav_sort LIMIT 30  
[2018-01-28 22:26:59] /home/index.php?act=index&op=articleList ( act=index&op=articlelist ) 
ERR: Db Error: Table 'tpblog.jq_navigation' doesn't exist
SELECT * FROM `tpblog`.`jq_navigation` ORDER BY nav_sort LIMIT 30  
[2018-01-28 22:27:00] /home/index.php?act=index&op=articleList ( act=index&op=articlelist ) 
ERR: Db Error: Table 'tpblog.jq_navigation' doesn't exist
SELECT * FROM `tpblog`.`jq_navigation` ORDER BY nav_sort LIMIT 30  
[2018-01-28 22:27:01] /home/index.php?act=index&op=articleList ( act=index&op=articlelist ) 
ERR: Db Error: Table 'tpblog.jq_navigation' doesn't exist
SELECT * FROM `tpblog`.`jq_navigation` ORDER BY nav_sort LIMIT 30  
[2018-01-28 22:27:01] /home/index.php?act=index&op=articleList ( act=index&op=articlelist ) 
ERR: Db Error: Table 'tpblog.jq_navigation' doesn't exist
SELECT * FROM `tpblog`.`jq_navigation` ORDER BY nav_sort LIMIT 30  
[2018-01-28 22:27:02] /home/index.php?act=index&op=articleList ( act=index&op=articlelist ) 
ERR: Db Error: Table 'tpblog.jq_navigation' doesn't exist
SELECT * FROM `tpblog`.`jq_navigation` ORDER BY nav_sort LIMIT 30  
[2018-01-28 22:27:03] /home/index.php?act=index&op=articleList ( act=index&op=articlelist ) 
ERR: Db Error: Table 'tpblog.jq_navigation' doesn't exist
SELECT * FROM `tpblog`.`jq_navigation` ORDER BY nav_sort LIMIT 30  
[2018-01-28 22:27:03] /home/index.php?act=index&op=articleList ( act=index&op=articlelist ) 
ERR: Db Error: Table 'tpblog.jq_navigation' doesn't exist
SELECT * FROM `tpblog`.`jq_navigation` ORDER BY nav_sort LIMIT 30  
[2018-01-28 22:27:06] /home/index.php?act=index&op=articleList ( act=index&op=articlelist ) 
ERR: Db Error: Table 'tpblog.jq_navigation' doesn't exist
SELECT * FROM `tpblog`.`jq_navigation` ORDER BY nav_sort LIMIT 30  
[2018-01-28 22:27:07] /home/index.php?act=index&op=articleList ( act=index&op=articlelist ) 
ERR: Db Error: Table 'tpblog.jq_navigation' doesn't exist
SELECT * FROM `tpblog`.`jq_navigation` ORDER BY nav_sort LIMIT 30  
[2018-01-28 22:27:08] /home/index.php?act=index&op=articleList ( act=index&op=articlelist ) 
ERR: Db Error: Table 'tpblog.jq_navigation' doesn't exist
SELECT * FROM `tpblog`.`jq_navigation` ORDER BY nav_sort LIMIT 30  
[2018-01-28 22:28:37] /home/index.php?act=index&op=articleList ( act=index&op=articlelist ) 
ERR: Db Error: Table 'tpblog.jq_navigation' doesn't exist
SELECT * FROM `tpblog`.`jq_navigation` ORDER BY nav_sort LIMIT 30  
[2018-01-28 22:28:38] /home/index.php?act=index&op=articleList ( act=index&op=articlelist ) 
ERR: Db Error: Table 'tpblog.jq_navigation' doesn't exist
SELECT * FROM `tpblog`.`jq_navigation` ORDER BY nav_sort LIMIT 30  
[2018-01-28 22:28:39] /home/index.php?act=index&op=articleList ( act=index&op=articlelist ) 
ERR: Db Error: Table 'tpblog.jq_navigation' doesn't exist
SELECT * FROM `tpblog`.`jq_navigation` ORDER BY nav_sort LIMIT 30  
[2018-01-28 22:28:40] /home/index.php?act=index&op=articleList ( act=index&op=articlelist ) 
ERR: Db Error: Table 'tpblog.jq_navigation' doesn't exist
SELECT * FROM `tpblog`.`jq_navigation` ORDER BY nav_sort LIMIT 30  
[2018-01-28 22:28:53] /home/index.php?act=index&op=articleList ( act=index&op=articlelist ) 
ERR: Db Error: Table 'tpblog.jq_navigation' doesn't exist
SELECT * FROM `tpblog`.`jq_navigation` ORDER BY nav_sort LIMIT 30  
[2018-01-28 22:28:55] /home/index.php?act=index&op=articleList ( act=index&op=articlelist ) 
ERR: Db Error: Table 'tpblog.jq_navigation' doesn't exist
SELECT * FROM `tpblog`.`jq_navigation` ORDER BY nav_sort LIMIT 30  
[2018-01-28 22:28:56] /home/index.php?act=index&op=articleList ( act=index&op=articlelist ) 
ERR: Db Error: Table 'tpblog.jq_navigation' doesn't exist
SELECT * FROM `tpblog`.`jq_navigation` ORDER BY nav_sort LIMIT 30  
[2018-01-28 22:28:56] /home/index.php?act=index&op=articleList ( act=index&op=articlelist ) 
ERR: Db Error: Table 'tpblog.jq_navigation' doesn't exist
SELECT * FROM `tpblog`.`jq_navigation` ORDER BY nav_sort LIMIT 30  
[2018-01-28 22:28:57] /home/index.php?act=index&op=articleList ( act=index&op=articlelist ) 
ERR: Db Error: Table 'tpblog.jq_navigation' doesn't exist
SELECT * FROM `tpblog`.`jq_navigation` ORDER BY nav_sort LIMIT 30  
[2018-01-28 22:28:57] /home/index.php?act=index&op=articleList ( act=index&op=articlelist ) 
ERR: Db Error: Table 'tpblog.jq_navigation' doesn't exist
SELECT * FROM `tpblog`.`jq_navigation` ORDER BY nav_sort LIMIT 30  
[2018-01-28 22:28:58] /home/index.php?act=index&op=articleList ( act=index&op=articlelist ) 
ERR: Db Error: Table 'tpblog.jq_navigation' doesn't exist
SELECT * FROM `tpblog`.`jq_navigation` ORDER BY nav_sort LIMIT 30  
[2018-01-28 22:28:59] /home/index.php?act=index&op=articleList ( act=index&op=articlelist ) 
ERR: Db Error: Table 'tpblog.jq_navigation' doesn't exist
SELECT * FROM `tpblog`.`jq_navigation` ORDER BY nav_sort LIMIT 30  
[2018-01-28 22:28:59] /home/index.php?act=index&op=articleList ( act=index&op=articlelist ) 
ERR: Db Error: Table 'tpblog.jq_navigation' doesn't exist
SELECT * FROM `tpblog`.`jq_navigation` ORDER BY nav_sort LIMIT 30  
[2018-01-28 22:29:00] /home/index.php?act=index&op=articleList ( act=index&op=articlelist ) 
ERR: Db Error: Table 'tpblog.jq_navigation' doesn't exist
SELECT * FROM `tpblog`.`jq_navigation` ORDER BY nav_sort LIMIT 30  
[2018-01-28 22:29:00] /home/index.php?act=index&op=articleList ( act=index&op=articlelist ) 
ERR: Db Error: Table 'tpblog.jq_navigation' doesn't exist
SELECT * FROM `tpblog`.`jq_navigation` ORDER BY nav_sort LIMIT 30  
[2018-01-28 22:29:01] /home/index.php?act=index&op=articleList ( act=index&op=articlelist ) 
ERR: Db Error: Table 'tpblog.jq_navigation' doesn't exist
SELECT * FROM `tpblog`.`jq_navigation` ORDER BY nav_sort LIMIT 30  
[2018-01-28 22:29:02] /home/index.php?act=index&op=articleList ( act=index&op=articlelist ) 
ERR: Db Error: Table 'tpblog.jq_navigation' doesn't exist
SELECT * FROM `tpblog`.`jq_navigation` ORDER BY nav_sort LIMIT 30  
[2018-01-28 22:29:02] /home/index.php?act=index&op=articleList ( act=index&op=articlelist ) 
ERR: Db Error: Table 'tpblog.jq_navigation' doesn't exist
SELECT * FROM `tpblog`.`jq_navigation` ORDER BY nav_sort LIMIT 30  
[2018-01-28 22:29:03] /home/index.php?act=index&op=articleList ( act=index&op=articlelist ) 
ERR: Db Error: Table 'tpblog.jq_navigation' doesn't exist
SELECT * FROM `tpblog`.`jq_navigation` ORDER BY nav_sort LIMIT 30  
[2018-01-28 22:29:06] /home/index.php?act=index&op=articleList ( act=index&op=articlelist ) 
ERR: Db Error: Table 'tpblog.jq_navigation' doesn't exist
SELECT * FROM `tpblog`.`jq_navigation` ORDER BY nav_sort LIMIT 30  
[2018-01-28 22:29:07] /home/index.php?act=index&op=articleList ( act=index&op=articlelist ) 
ERR: Db Error: Table 'tpblog.jq_navigation' doesn't exist
SELECT * FROM `tpblog`.`jq_navigation` ORDER BY nav_sort LIMIT 30  
[2018-01-28 22:29:07] /home/index.php?act=index&op=articleList ( act=index&op=articlelist ) 
ERR: Db Error: Table 'tpblog.jq_navigation' doesn't exist
SELECT * FROM `tpblog`.`jq_navigation` ORDER BY nav_sort LIMIT 30  
[2018-01-28 22:29:08] /home/index.php?act=index&op=articleList ( act=index&op=articlelist ) 
ERR: Db Error: Table 'tpblog.jq_navigation' doesn't exist
SELECT * FROM `tpblog`.`jq_navigation` ORDER BY nav_sort LIMIT 30  
[2018-01-28 22:29:08] /home/index.php?act=index&op=articleList ( act=index&op=articlelist ) 
ERR: Db Error: Table 'tpblog.jq_navigation' doesn't exist
SELECT * FROM `tpblog`.`jq_navigation` ORDER BY nav_sort LIMIT 30  
[2018-01-28 22:29:09] /home/index.php?act=index&op=articleList ( act=index&op=articlelist ) 
ERR: Db Error: Table 'tpblog.jq_navigation' doesn't exist
SELECT * FROM `tpblog`.`jq_navigation` ORDER BY nav_sort LIMIT 30  
[2018-01-28 22:29:10] /home/index.php?act=index&op=articleList ( act=index&op=articlelist ) 
ERR: Db Error: Table 'tpblog.jq_navigation' doesn't exist
SELECT * FROM `tpblog`.`jq_navigation` ORDER BY nav_sort LIMIT 30  
[2018-01-28 22:30:50] /home/index.php?act=index&op=articleList ( act=index&op=articlelist ) 
ERR: Db Error: Table 'tpblog.jq_navigation' doesn't exist
SELECT * FROM `tpblog`.`jq_navigation` ORDER BY nav_sort LIMIT 30  
[2018-01-28 22:30:51] /home/index.php?act=index&op=articleList ( act=index&op=articlelist ) 
ERR: Db Error: Table 'tpblog.jq_navigation' doesn't exist
SELECT * FROM `tpblog`.`jq_navigation` ORDER BY nav_sort LIMIT 30  
[2018-01-28 22:30:54] /home/index.php?act=index&op=articleList ( act=index&op=articlelist ) 
ERR: Db Error: Table 'tpblog.jq_navigation' doesn't exist
SELECT * FROM `tpblog`.`jq_navigation` ORDER BY nav_sort LIMIT 30  
[2018-01-28 22:30:59] /home/index.php?act=index&op=articleList ( act=index&op=articlelist ) 
ERR: Db Error: Table 'tpblog.jq_navigation' doesn't exist
SELECT * FROM `tpblog`.`jq_navigation` ORDER BY nav_sort LIMIT 30  
[2018-01-28 22:31:01] /home/index.php?act=index&op=articleList ( act=index&op=articlelist ) 
ERR: Db Error: Table 'tpblog.jq_navigation' doesn't exist
SELECT * FROM `tpblog`.`jq_navigation` ORDER BY nav_sort LIMIT 30  
[2018-01-28 22:31:04] /home/index.php ( act=index&op=index ) 
ERR: Db Error: Table 'tpblog.jq_navigation' doesn't exist
SELECT * FROM `tpblog`.`jq_navigation` ORDER BY nav_sort LIMIT 30  
[2018-01-28 22:33:30] /home/index.php?act=index&op=articleList ( act=index&op=articlelist ) 
ERR: Db Error: Table 'tpblog.jq_navigation' doesn't exist
SELECT * FROM `tpblog`.`jq_navigation` ORDER BY nav_sort LIMIT 30  
[2018-01-28 22:33:31] /home/index.php ( act=index&op=index ) 
ERR: Db Error: Table 'tpblog.jq_navigation' doesn't exist
SELECT * FROM `tpblog`.`jq_navigation` ORDER BY nav_sort LIMIT 30  
[2018-01-28 22:33:32] /home/index.php ( act=index&op=index ) 
ERR: Db Error: Table 'tpblog.jq_navigation' doesn't exist
SELECT * FROM `tpblog`.`jq_navigation` ORDER BY nav_sort LIMIT 30  
[2018-01-28 22:33:34] /home/index.php?act=index&op=articleList ( act=index&op=articlelist ) 
ERR: Db Error: Table 'tpblog.jq_navigation' doesn't exist
SELECT * FROM `tpblog`.`jq_navigation` ORDER BY nav_sort LIMIT 30  
[2018-01-28 22:33:35] /home/index.php ( act=index&op=index ) 
ERR: Db Error: Table 'tpblog.jq_navigation' doesn't exist
SELECT * FROM `tpblog`.`jq_navigation` ORDER BY nav_sort LIMIT 30  
[2018-01-28 22:33:36] /home/index.php ( act=index&op=index ) 
ERR: Db Error: Table 'tpblog.jq_navigation' doesn't exist
SELECT * FROM `tpblog`.`jq_navigation` ORDER BY nav_sort LIMIT 30  
[2018-01-28 22:33:37] /home/index.php ( act=index&op=index ) 
ERR: Db Error: Table 'tpblog.jq_navigation' doesn't exist
SELECT * FROM `tpblog`.`jq_navigation` ORDER BY nav_sort LIMIT 30  
[2018-01-28 22:34:23] /home/index.php ( act=index&op=index ) 
ERR: Db Error: Table 'tpblog.jq_navigation' doesn't exist
SELECT * FROM `tpblog`.`jq_navigation` ORDER BY nav_sort LIMIT 30  
[2018-01-28 22:34:25] /home/index.php ( act=index&op=index ) 
ERR: Db Error: Table 'tpblog.jq_navigation' doesn't exist
SELECT * FROM `tpblog`.`jq_navigation` ORDER BY nav_sort LIMIT 30  
[2018-01-28 22:34:27] /home/index.php?act=index&op=articleList ( act=index&op=articlelist ) 
ERR: Db Error: Table 'tpblog.jq_navigation' doesn't exist
SELECT * FROM `tpblog`.`jq_navigation` ORDER BY nav_sort LIMIT 30  
[2018-01-28 22:34:33] /home/index.php?act=index&op=articleList ( act=index&op=articlelist ) 
ERR: Db Error: Table 'tpblog.jq_navigation' doesn't exist
SELECT * FROM `tpblog`.`jq_navigation` ORDER BY nav_sort LIMIT 30  
[2018-01-28 22:34:39] /home/index.php?act=index&op=articleList ( act=index&op=articlelist ) 
ERR: Db Error: Table 'tpblog.jq_navigation' doesn't exist
SELECT * FROM `tpblog`.`jq_navigation` ORDER BY nav_sort LIMIT 30  
[2018-01-28 22:34:42] /home/index.php?act=index&op=articleList ( act=index&op=articlelist ) 
ERR: Db Error: Table 'tpblog.jq_navigation' doesn't exist
SELECT * FROM `tpblog`.`jq_navigation` ORDER BY nav_sort LIMIT 30  
[2018-01-28 22:34:43] /home/index.php?act=index&op=articleList ( act=index&op=articlelist ) 
ERR: Db Error: Table 'tpblog.jq_navigation' doesn't exist
SELECT * FROM `tpblog`.`jq_navigation` ORDER BY nav_sort LIMIT 30  
[2018-01-28 22:34:45] /home/index.php?act=index&op=articleList ( act=index&op=articlelist ) 
ERR: Db Error: Table 'tpblog.jq_navigation' doesn't exist
SELECT * FROM `tpblog`.`jq_navigation` ORDER BY nav_sort LIMIT 30  
[2018-01-28 22:37:41] /home/index.php ( act=index&op=index ) 
ERR: Db Error: Table 'tpblog.jq_navigation' doesn't exist
SELECT * FROM `tpblog`.`jq_navigation` ORDER BY nav_sort LIMIT 30  
[2018-01-28 22:38:23] /home/index.php ( act=index&op=index ) 
ERR: Db Error: Table 'tpblog.jq_navigation' doesn't exist
SELECT * FROM `tpblog`.`jq_navigation` ORDER BY nav_sort LIMIT 30  
[2018-01-28 22:38:32] /home/index.php ( act=index&op=index ) 
ERR: Db Error: Table 'tpblog.jq_navigation' doesn't exist
SELECT * FROM `tpblog`.`jq_navigation` ORDER BY nav_sort LIMIT 30  
[2018-01-28 22:38:33] /home/index.php ( act=index&op=index ) 
ERR: Db Error: Table 'tpblog.jq_navigation' doesn't exist
SELECT * FROM `tpblog`.`jq_navigation` ORDER BY nav_sort LIMIT 30  
[2018-01-28 22:38:36] /home/index.php?act=index&op=articleList ( act=index&op=articlelist ) 
ERR: Db Error: Table 'tpblog.jq_navigation' doesn't exist
SELECT * FROM `tpblog`.`jq_navigation` ORDER BY nav_sort LIMIT 30  
[2018-01-28 22:38:37] /home/index.php?act=index&op=articleList ( act=index&op=articlelist ) 
ERR: Db Error: Table 'tpblog.jq_navigation' doesn't exist
SELECT * FROM `tpblog`.`jq_navigation` ORDER BY nav_sort LIMIT 30  
[2018-01-28 22:38:39] /home/index.php?act=index&op=articleList ( act=index&op=articlelist ) 
ERR: Db Error: Table 'tpblog.jq_navigation' doesn't exist
SELECT * FROM `tpblog`.`jq_navigation` ORDER BY nav_sort LIMIT 30  
[2018-01-28 22:38:39] /home/index.php?act=index&op=articleList ( act=index&op=articlelist ) 
ERR: Db Error: Table 'tpblog.jq_navigation' doesn't exist
SELECT * FROM `tpblog`.`jq_navigation` ORDER BY nav_sort LIMIT 30  
[2018-01-28 22:38:40] /home/index.php?act=index&op=articleList ( act=index&op=articlelist ) 
ERR: Db Error: Table 'tpblog.jq_navigation' doesn't exist
SELECT * FROM `tpblog`.`jq_navigation` ORDER BY nav_sort LIMIT 30  
[2018-01-28 22:38:40] /home/index.php?act=index&op=articleList ( act=index&op=articlelist ) 
ERR: Db Error: Table 'tpblog.jq_navigation' doesn't exist
SELECT * FROM `tpblog`.`jq_navigation` ORDER BY nav_sort LIMIT 30  
[2018-01-28 22:38:40] /home/index.php?act=index&op=articleList ( act=index&op=articlelist ) 
ERR: Db Error: Table 'tpblog.jq_navigation' doesn't exist
SELECT * FROM `tpblog`.`jq_navigation` ORDER BY nav_sort LIMIT 30  
[2018-01-28 22:38:41] /home/index.php?act=index&op=articleList ( act=index&op=articlelist ) 
ERR: Db Error: Table 'tpblog.jq_navigation' doesn't exist
SELECT * FROM `tpblog`.`jq_navigation` ORDER BY nav_sort LIMIT 30  
[2018-01-28 22:38:41] /home/index.php?act=index&op=articleList ( act=index&op=articlelist ) 
ERR: Db Error: Table 'tpblog.jq_navigation' doesn't exist
SELECT * FROM `tpblog`.`jq_navigation` ORDER BY nav_sort LIMIT 30  
[2018-01-28 22:38:41] /home/index.php?act=index&op=articleList ( act=index&op=articlelist ) 
ERR: Db Error: Table 'tpblog.jq_navigation' doesn't exist
SELECT * FROM `tpblog`.`jq_navigation` ORDER BY nav_sort LIMIT 30  
[2018-01-28 22:40:16] /home/index.php?act=index&op=articleList ( act=index&op=articlelist ) 
ERR: Db Error: Table 'tpblog.jq_navigation' doesn't exist
SELECT * FROM `tpblog`.`jq_navigation` ORDER BY nav_sort LIMIT 30  
[2018-01-28 22:40:21] /home/index.php ( act=index&op=index ) 
ERR: Db Error: Table 'tpblog.jq_navigation' doesn't exist
SELECT * FROM `tpblog`.`jq_navigation` ORDER BY nav_sort LIMIT 30  
[2018-01-28 22:41:36] /home/index.php?act=index&op=articleList ( act=index&op=articlelist ) 
ERR: Db Error: Table 'tpblog.jq_navigation' doesn't exist
SELECT * FROM `tpblog`.`jq_navigation` ORDER BY nav_sort LIMIT 30  
[2018-01-28 22:41:55] /home/index.php ( act=index&op=index ) 
ERR: Db Error: Table 'tpblog.jq_navigation' doesn't exist
SELECT * FROM `tpblog`.`jq_navigation` ORDER BY nav_sort LIMIT 30  
[2018-01-28 22:42:44] /home/index.php ( act=index&op=index ) 
ERR: Db Error: Table 'tpblog.jq_navigation' doesn't exist
SELECT * FROM `tpblog`.`jq_navigation` ORDER BY nav_sort LIMIT 30  
[2018-01-28 22:43:50] /home/index.php ( act=index&op=index ) 
ERR: Db Error: Table 'tpblog.jq_navigation' doesn't exist
SELECT * FROM `tpblog`.`jq_navigation` ORDER BY nav_sort LIMIT 30  
[2018-01-28 22:44:02] /home/index.php ( act=index&op=index ) 
ERR: Db Error: Table 'tpblog.jq_navigation' doesn't exist
SELECT * FROM `tpblog`.`jq_navigation` ORDER BY nav_sort LIMIT 30  
[2018-01-28 22:44:07] /home/index.php ( act=index&op=index ) 
ERR: Db Error: Table 'tpblog.jq_navigation' doesn't exist
SELECT * FROM `tpblog`.`jq_navigation` ORDER BY nav_sort LIMIT 30  
[2018-01-28 22:44:08] /home/index.php?act=index&op=articleList ( act=index&op=articlelist ) 
ERR: Db Error: Table 'tpblog.jq_navigation' doesn't exist
SELECT * FROM `tpblog`.`jq_navigation` ORDER BY nav_sort LIMIT 30  
[2018-01-28 22:44:12] /home/index.php?act=index&op=articleList ( act=index&op=articlelist ) 
ERR: Db Error: Table 'tpblog.jq_navigation' doesn't exist
SELECT * FROM `tpblog`.`jq_navigation` ORDER BY nav_sort LIMIT 30  
[2018-01-28 22:44:13] /home/index.php?act=index&op=articleList ( act=index&op=articlelist ) 
ERR: Db Error: Table 'tpblog.jq_navigation' doesn't exist
SELECT * FROM `tpblog`.`jq_navigation` ORDER BY nav_sort LIMIT 30  
[2018-01-28 22:44:45] /home/index.php?act=index&op=articleList ( act=index&op=articlelist ) 
ERR: Db Error: Table 'tpblog.jq_navigation' doesn't exist
SELECT * FROM `tpblog`.`jq_navigation` ORDER BY nav_sort LIMIT 30  
[2018-01-28 22:44:51] /home/index.php ( act=index&op=index ) 
ERR: Db Error: Table 'tpblog.jq_navigation' doesn't exist
SELECT * FROM `tpblog`.`jq_navigation` ORDER BY nav_sort LIMIT 30  
[2018-01-28 22:44:52] /home/index.php ( act=index&op=index ) 
ERR: Db Error: Table 'tpblog.jq_navigation' doesn't exist
SELECT * FROM `tpblog`.`jq_navigation` ORDER BY nav_sort LIMIT 30  
[2018-01-28 22:45:12] /home/index.php?act=index&op=articleList ( act=index&op=articlelist ) 
ERR: Db Error: Table 'tpblog.jq_navigation' doesn't exist
SELECT * FROM `tpblog`.`jq_navigation` ORDER BY nav_sort LIMIT 30  
[2018-01-28 22:47:42] /home/index.php ( act=index&op=index ) 
ERR: Db Error: Table 'tpblog.jq_navigation' doesn't exist
SELECT * FROM `tpblog`.`jq_navigation` ORDER BY nav_sort LIMIT 30  
[2018-01-28 22:47:46] /home/index.php?act=index&op=articleList ( act=index&op=articlelist ) 
ERR: Db Error: Table 'tpblog.jq_navigation' doesn't exist
SELECT * FROM `tpblog`.`jq_navigation` ORDER BY nav_sort LIMIT 30  
[2018-01-28 22:47:48] /home/index.php?act=index&op=articleList ( act=index&op=articlelist ) 
ERR: Db Error: Table 'tpblog.jq_navigation' doesn't exist
SELECT * FROM `tpblog`.`jq_navigation` ORDER BY nav_sort LIMIT 30  
[2018-01-28 22:47:55] /home/index.php?act=index&op=articleList ( act=index&op=articlelist ) 
ERR: Db Error: Table 'tpblog.jq_navigation' doesn't exist
SELECT * FROM `tpblog`.`jq_navigation` ORDER BY nav_sort LIMIT 30  
[2018-01-28 22:47:56] /home/index.php?act=index&op=articleList ( act=index&op=articlelist ) 
ERR: Db Error: Table 'tpblog.jq_navigation' doesn't exist
SELECT * FROM `tpblog`.`jq_navigation` ORDER BY nav_sort LIMIT 30  
[2018-01-28 22:51:11] /home/index.php?act=index&op=articleList ( act=index&op=articlelist ) 
ERR: Db Error: Table 'tpblog.jq_navigation' doesn't exist
SELECT * FROM `tpblog`.`jq_navigation` ORDER BY nav_sort LIMIT 30  
[2018-01-28 22:51:14] /home/index.php?act=index&op=index ( act=index&op=index ) 
ERR: Db Error: Table 'tpblog.jq_navigation' doesn't exist
SELECT * FROM `tpblog`.`jq_navigation` ORDER BY nav_sort LIMIT 30  
[2018-01-28 22:51:15] /home/index.php?act=index&op=articleList ( act=index&op=articlelist ) 
ERR: Db Error: Table 'tpblog.jq_navigation' doesn't exist
SELECT * FROM `tpblog`.`jq_navigation` ORDER BY nav_sort LIMIT 30  
[2018-01-28 22:51:16] /home/index.php?act=index&op=index ( act=index&op=index ) 
ERR: Db Error: Table 'tpblog.jq_navigation' doesn't exist
SELECT * FROM `tpblog`.`jq_navigation` ORDER BY nav_sort LIMIT 30  
[2018-01-28 22:53:06] /home/index.php?act=index&op=index ( act=index&op=index ) 
ERR: Db Error: Table 'tpblog.jq_navigation' doesn't exist
SELECT * FROM `tpblog`.`jq_navigation` ORDER BY nav_sort LIMIT 30  
[2018-01-28 22:53:10] /home/index.php?act=index&op=articleList ( act=index&op=articlelist ) 
ERR: Db Error: Table 'tpblog.jq_navigation' doesn't exist
SELECT * FROM `tpblog`.`jq_navigation` ORDER BY nav_sort LIMIT 30  
[2018-01-28 22:53:55] /home/index.php?act=index&op=articleList ( act=index&op=articlelist ) 
ERR: Db Error: Table 'tpblog.jq_navigation' doesn't exist
SELECT * FROM `tpblog`.`jq_navigation` ORDER BY nav_sort LIMIT 30  
[2018-01-28 22:53:56] /home/index.php?act=index&op=index ( act=index&op=index ) 
ERR: Db Error: Table 'tpblog.jq_navigation' doesn't exist
SELECT * FROM `tpblog`.`jq_navigation` ORDER BY nav_sort LIMIT 30  
[2018-01-28 22:53:58] /home/index.php?act=index&op=index ( act=index&op=index ) 
ERR: Db Error: Table 'tpblog.jq_navigation' doesn't exist
SELECT * FROM `tpblog`.`jq_navigation` ORDER BY nav_sort LIMIT 30  
[2018-01-28 22:53:58] /home/index.php?act=index&op=index ( act=index&op=index ) 
ERR: Db Error: Table 'tpblog.jq_navigation' doesn't exist
SELECT * FROM `tpblog`.`jq_navigation` ORDER BY nav_sort LIMIT 30  
[2018-01-28 22:54:06] /home/index.php?act=index&op=index ( act=index&op=index ) 
ERR: Db Error: Table 'tpblog.jq_navigation' doesn't exist
SELECT * FROM `tpblog`.`jq_navigation` ORDER BY nav_sort LIMIT 30  
[2018-01-28 22:55:05] /home/index.php?act=index&op=index ( act=index&op=index ) 
ERR: Db Error: Table 'tpblog.jq_navigation' doesn't exist
SELECT * FROM `tpblog`.`jq_navigation` ORDER BY nav_sort LIMIT 30  
[2018-01-28 22:55:07] /home/index.php?act=index&op=index ( act=index&op=index ) 
ERR: Db Error: Table 'tpblog.jq_navigation' doesn't exist
SELECT * FROM `tpblog`.`jq_navigation` ORDER BY nav_sort LIMIT 30  
[2018-01-28 22:55:10] /home/index.php?act=index&op=articleList ( act=index&op=articlelist ) 
ERR: Db Error: Table 'tpblog.jq_navigation' doesn't exist
SELECT * FROM `tpblog`.`jq_navigation` ORDER BY nav_sort LIMIT 30  
[2018-01-28 23:13:37] /home/index.php?act=index&op=articleList ( act=index&op=articlelist ) 
ERR: Db Error: Table 'tpblog.jq_navigation' doesn't exist
SELECT * FROM `tpblog`.`jq_navigation` ORDER BY nav_sort LIMIT 30  
[2018-01-28 23:13:37] /home/index.php?act=index&op=index ( act=index&op=index ) 
ERR: Db Error: Table 'tpblog.jq_navigation' doesn't exist
SELECT * FROM `tpblog`.`jq_navigation` ORDER BY nav_sort LIMIT 30  
[2018-01-28 23:13:38] /home/index.php?act=index&op=articleList ( act=index&op=articlelist ) 
ERR: Db Error: Table 'tpblog.jq_navigation' doesn't exist
SELECT * FROM `tpblog`.`jq_navigation` ORDER BY nav_sort LIMIT 30  
[2018-01-28 23:13:39] /home/index.php?act=index&op=index ( act=index&op=index ) 
ERR: Db Error: Table 'tpblog.jq_navigation' doesn't exist
SELECT * FROM `tpblog`.`jq_navigation` ORDER BY nav_sort LIMIT 30  
[2018-01-28 23:13:40] /home/index.php?act=index&op=articleList ( act=index&op=articlelist ) 
ERR: Db Error: Table 'tpblog.jq_navigation' doesn't exist
SELECT * FROM `tpblog`.`jq_navigation` ORDER BY nav_sort LIMIT 30  
[2018-01-28 23:13:44] /home/index.php?act=index&op=articleList ( act=index&op=articlelist ) 
ERR: Db Error: Table 'tpblog.jq_navigation' doesn't exist
SELECT * FROM `tpblog`.`jq_navigation` ORDER BY nav_sort LIMIT 30  
