[2018-02-23 22:43:44] sql: SELECT * FROM `jq_article` as `article`  WHERE  article.article_show = '1' order by article_time desc limit 5 [ RunTime:1,519,397,024.509474s ]

[2018-02-23 22:43:44] sql: SELECT * FROM `jq_article_class` as `article_class`   order by ac_parent_id asc,ac_sort asc,ac_id asc [ RunTime:1,519,397,024.509474s ]

[2018-02-23 22:43:52] sql: SELECT * FROM `jq_article` as `article`  WHERE  article.article_show = '1' order by article_time desc [ RunTime:1,519,397,032.514188s ]

[2018-02-23 22:43:52] sql: SELECT * FROM `jq_article_class` as `article_class`   order by ac_parent_id asc,ac_sort asc,ac_id asc [ RunTime:1,519,397,032.514188s ]

[2018-02-23 22:43:55] sql: SELECT * FROM `jq_article` WHERE article_id='6' [ RunTime:1,519,397,035.144386s ]

[2018-02-23 22:43:59] sql: SELECT * FROM `jq_article` WHERE article_id='7' [ RunTime:1,519,397,039.366279s ]

[2018-02-23 22:44:03] sql: SELECT * FROM `jq_article` as `article`  WHERE  article.article_show = '1' order by article_time desc [ RunTime:1,519,397,043.099912s ]

[2018-02-23 22:44:03] sql: SELECT * FROM `jq_article_class` as `article_class`   order by ac_parent_id asc,ac_sort asc,ac_id asc [ RunTime:1,519,397,043.099912s ]

[2018-02-23 22:51:53] sql: SELECT * FROM `jq_article` as `article`  WHERE  article.article_show = '1' order by article_time desc [ RunTime:1,519,397,513.439522s ]

[2018-02-23 22:51:53] sql: SELECT * FROM `jq_article_class` as `article_class`   order by ac_parent_id asc,ac_sort asc,ac_id asc [ RunTime:1,519,397,513.439522s ]

[2018-02-23 22:55:33] sql: SELECT * FROM `jq_article` as `article`  WHERE  article.article_show = '1' order by article_time desc limit 5 [ RunTime:1,519,397,733.246199s ]

[2018-02-23 22:55:33] sql: SELECT * FROM `jq_article_class` as `article_class`   order by ac_parent_id asc,ac_sort asc,ac_id asc [ RunTime:1,519,397,733.246199s ]

[2018-02-23 22:56:17] sql: SELECT * FROM `jq_article` as `article`  WHERE  article.article_show = '1' order by article_time desc limit 5 [ RunTime:1,519,397,777.460352s ]

[2018-02-23 22:56:17] sql: SELECT * FROM `jq_article_class` as `article_class`   order by ac_parent_id asc,ac_sort asc,ac_id asc [ RunTime:1,519,397,777.460352s ]

[2018-02-23 23:02:17] sql: SELECT * FROM `jq_article` as `article`  WHERE  article.article_show = '1' order by article_time desc limit 5 [ RunTime:1,519,398,137.901737s ]

[2018-02-23 23:02:17] sql: SELECT * FROM `jq_article_class` as `article_class`   order by ac_parent_id asc,ac_sort asc,ac_id asc [ RunTime:1,519,398,137.901737s ]

[2018-02-23 23:03:55] sql: SELECT * FROM `jq_article` as `article`  WHERE  article.article_show = '1' order by article_time desc limit 5 [ RunTime:1,519,398,235.297227s ]

[2018-02-23 23:03:55] sql: SELECT * FROM `jq_article_class` as `article_class`   order by ac_parent_id asc,ac_sort asc,ac_id asc [ RunTime:1,519,398,235.297227s ]

[2018-02-23 23:03:56] sql: SELECT * FROM `jq_article` as `article`   order by article_time desc [ RunTime:1,519,398,236.297991s ]

[2018-02-23 23:03:56] sql: SELECT * FROM `jq_article_class` as `article_class`   order by ac_parent_id asc,ac_sort asc,ac_id asc [ RunTime:1,519,398,236.297991s ]

[2018-02-23 23:04:05] sql: SELECT * FROM `jq_article` as `article`  WHERE  article.article_show = '1' order by article_time desc limit 5 [ RunTime:1,519,398,245.584598s ]

[2018-02-23 23:04:05] sql: SELECT * FROM `jq_article_class` as `article_class`   order by ac_parent_id asc,ac_sort asc,ac_id asc [ RunTime:1,519,398,245.584598s ]

[2018-02-23 23:04:34] sql: SELECT * FROM `jq_article` as `article`  WHERE  article.article_show = '1' order by article_time desc limit 5 [ RunTime:1,519,398,274.966947s ]

[2018-02-23 23:04:34] sql: SELECT * FROM `jq_article_class` as `article_class`   order by ac_parent_id asc,ac_sort asc,ac_id asc [ RunTime:1,519,398,274.966947s ]

[2018-02-23 23:06:15] sql: SELECT * FROM `jq_article` as `article`  WHERE  article.article_show = '1' order by article_time desc limit 5 [ RunTime:1,519,398,375.771662s ]

[2018-02-23 23:06:15] sql: SELECT * FROM `jq_article_class` as `article_class`   order by ac_parent_id asc,ac_sort asc,ac_id asc [ RunTime:1,519,398,375.771662s ]

[2018-02-23 23:11:19] sql: SELECT * FROM `jq_article` as `article`  WHERE  article.article_show = '1' order by article_time desc limit 5 [ RunTime:1,519,398,679.478119s ]

[2018-02-23 23:11:19] sql: SELECT * FROM `jq_article_class` as `article_class`   order by ac_parent_id asc,ac_sort asc,ac_id asc [ RunTime:1,519,398,679.478119s ]

[2018-02-23 23:11:53] sql: SELECT * FROM `jq_article` as `article`  WHERE  article.article_show = '1' order by article_time desc limit 5 [ RunTime:1,519,398,713.378280s ]

[2018-02-23 23:11:53] sql: SELECT * FROM `jq_article_class` as `article_class`   order by ac_parent_id asc,ac_sort asc,ac_id asc [ RunTime:1,519,398,713.378280s ]

[2018-02-23 23:12:06] sql: SELECT * FROM `jq_article` as `article`  WHERE  article.article_show = '1' order by article_time desc limit 5 [ RunTime:1,519,398,726.063209s ]

[2018-02-23 23:12:06] sql: SELECT * FROM `jq_article_class` as `article_class`   order by ac_parent_id asc,ac_sort asc,ac_id asc [ RunTime:1,519,398,726.063209s ]

[2018-02-23 23:12:18] sql: SELECT * FROM `jq_article` as `article`  WHERE  article.article_show = '1' order by article_time desc limit 5 [ RunTime:1,519,398,738.147182s ]

[2018-02-23 23:12:18] sql: SELECT * FROM `jq_article_class` as `article_class`   order by ac_parent_id asc,ac_sort asc,ac_id asc [ RunTime:1,519,398,738.147182s ]

[2018-02-23 23:18:20] sql: SELECT * FROM `jq_article` as `article`  WHERE  article.article_show = '1' order by article_time desc limit 5 [ RunTime:1,519,399,100.771514s ]

[2018-02-23 23:18:20] sql: SELECT * FROM `jq_article_class` as `article_class`   order by ac_parent_id asc,ac_sort asc,ac_id asc [ RunTime:1,519,399,100.771514s ]

